<?xml version="1.0" encoding="UTF-8"?>
<!-- Generated by org.testng.reporters.JUnitXMLReporter -->
<testsuite hostname="LAPTOP-ADMPVVC9" ignored="0" name="Default test" tests="13" failures="0" timestamp="01 dic 2017 01:57:09 GMT" time="89.762" errors="0">
  <testcase name="@BeforeMethod setUp" time="46.095" classname="Tests.testRegistroEventoMasico">
    <failure type="org.openqa.selenium.NoSuchElementException" message="no such element: Unable to locate element: {&amp;quot;method&amp;quot;:&amp;quot;xpath&amp;quot;,&amp;quot;selector&amp;quot;:&amp;quot;//a[text()=&amp;quot;TechCare/Massive Event - Create Case&amp;quot;]&amp;quot;}
  (Session info: chrome=62.0.3202.94)
  (Driver info: chromedriver=2.30.477700 (0057494ad8732195794a7b32078424f92a5fce41),platform=Windows NT 10.0.15063 x86_64) (WARNING: The server did not provide any stacktrace information)
Command duration or timeout: 73 milliseconds
For documentation on this error, please visit: http://seleniumhq.org/exceptions/no_such_element.html
Build info: version: &amp;apos;3.4.0&amp;apos;, revision: &amp;apos;unknown&amp;apos;, time: &amp;apos;unknown&amp;apos;
System info: host: &amp;apos;LAPTOP-ADMPVVC9&amp;apos;, ip: &amp;apos;10.112.4.196&amp;apos;, os.name: &amp;apos;Windows 10&amp;apos;, os.arch: &amp;apos;amd64&amp;apos;, os.version: &amp;apos;10.0&amp;apos;, java.version: &amp;apos;1.8.0_131&amp;apos;
Driver info: org.openqa.selenium.chrome.ChromeDriver
Capabilities [{applicationCacheEnabled=false, rotatable=false, mobileEmulationEnabled=false, networkConnectionEnabled=false, chrome={chromedriverVersion=2.30.477700 (0057494ad8732195794a7b32078424f92a5fce41), userDataDir=C:\Users\pablo\AppData\Local\Temp\scoped_dir9664_26761}, takesHeapSnapshot=true, pageLoadStrategy=normal, databaseEnabled=false, handlesAlerts=true, hasTouchScreen=false, version=62.0.3202.94, platform=XP, browserConnectionEnabled=false, nativeEvents=true, acceptSslCerts=true, locationContextEnabled=true, webStorageEnabled=true, browserName=chrome, takesScreenshot=true, javascriptEnabled=true, cssSelectorsEnabled=true, unexpectedAlertBehaviour=}]
Session ID: 57b6de1cc70bfe3422d5917e61c5236b
*** Element info: {Using=xpath, value=//a[text()=&amp;quot;TechCare/Massive Event - Create Case&amp;quot;]}">
      <![CDATA[org.openqa.selenium.NoSuchElementException: no such element: Unable to locate element: {"method":"xpath","selector":"//a[text()="TechCare/Massive Event - Create Case"]"}
  (Session info: chrome=62.0.3202.94)
  (Driver info: chromedriver=2.30.477700 (0057494ad8732195794a7b32078424f92a5fce41),platform=Windows NT 10.0.15063 x86_64) (WARNING: The server did not provide any stacktrace information)
Command duration or timeout: 73 milliseconds
For documentation on this error, please visit: http://seleniumhq.org/exceptions/no_such_element.html
Build info: version: '3.4.0', revision: 'unknown', time: 'unknown'
System info: host: 'LAPTOP-ADMPVVC9', ip: '10.112.4.196', os.name: 'Windows 10', os.arch: 'amd64', os.version: '10.0', java.version: '1.8.0_131'
Driver info: org.openqa.selenium.chrome.ChromeDriver
Capabilities [{applicationCacheEnabled=false, rotatable=false, mobileEmulationEnabled=false, networkConnectionEnabled=false, chrome={chromedriverVersion=2.30.477700 (0057494ad8732195794a7b32078424f92a5fce41), userDataDir=C:\Users\pablo\AppData\Local\Temp\scoped_dir9664_26761}, takesHeapSnapshot=true, pageLoadStrategy=normal, databaseEnabled=false, handlesAlerts=true, hasTouchScreen=false, version=62.0.3202.94, platform=XP, browserConnectionEnabled=false, nativeEvents=true, acceptSslCerts=true, locationContextEnabled=true, webStorageEnabled=true, browserName=chrome, takesScreenshot=true, javascriptEnabled=true, cssSelectorsEnabled=true, unexpectedAlertBehaviour=}]
Session ID: 57b6de1cc70bfe3422d5917e61c5236b
*** Element info: {Using=xpath, value=//a[text()="TechCare/Massive Event - Create Case"]}
	at sun.reflect.NativeConstructorAccessorImpl.newInstance0(Native Method)
	at sun.reflect.NativeConstructorAccessorImpl.newInstance(Unknown Source)
	at sun.reflect.DelegatingConstructorAccessorImpl.newInstance(Unknown Source)
	at java.lang.reflect.Constructor.newInstance(Unknown Source)
	at org.openqa.selenium.remote.ErrorHandler.createThrowable(ErrorHandler.java:215)
	at org.openqa.selenium.remote.ErrorHandler.throwIfResponseFailed(ErrorHandler.java:167)
	at org.openqa.selenium.remote.RemoteWebDriver.execute(RemoteWebDriver.java:671)
	at org.openqa.selenium.remote.RemoteWebDriver.findElement(RemoteWebDriver.java:410)
	at org.openqa.selenium.remote.RemoteWebDriver.findElementByXPath(RemoteWebDriver.java:509)
	at org.openqa.selenium.By$ByXPath.findElement(By.java:361)
	at org.openqa.selenium.remote.RemoteWebDriver.findElement(RemoteWebDriver.java:402)
	at Tests.testRegistroEventoMasico.setUp(testRegistroEventoMasico.java:85)
	at sun.reflect.NativeMethodAccessorImpl.invoke0(Native Method)
	at sun.reflect.NativeMethodAccessorImpl.invoke(Unknown Source)
	at sun.reflect.DelegatingMethodAccessorImpl.invoke(Unknown Source)
	at java.lang.reflect.Method.invoke(Unknown Source)
	at org.testng.internal.MethodInvocationHelper.invokeMethod(MethodInvocationHelper.java:108)
	at org.testng.internal.Invoker.invokeConfigurationMethod(Invoker.java:523)
	at org.testng.internal.Invoker.invokeConfigurations(Invoker.java:224)
	at org.testng.internal.Invoker.invokeMethod(Invoker.java:599)
	at org.testng.internal.Invoker.invokeTestMethod(Invoker.java:869)
	at org.testng.internal.Invoker.invokeTestMethods(Invoker.java:1193)
	at org.testng.internal.TestMethodWorker.invokeTestMethods(TestMethodWorker.java:126)
	at org.testng.internal.TestMethodWorker.run(TestMethodWorker.java:109)
	at org.testng.TestRunner.privateRun(TestRunner.java:744)
	at org.testng.TestRunner.run(TestRunner.java:602)
	at org.testng.SuiteRunner.runTest(SuiteRunner.java:380)
	at org.testng.SuiteRunner.runSequentially(SuiteRunner.java:375)
	at org.testng.SuiteRunner.privateRun(SuiteRunner.java:340)
	at org.testng.SuiteRunner.run(SuiteRunner.java:289)
	at org.testng.SuiteRunnerWorker.runSuite(SuiteRunnerWorker.java:52)
	at org.testng.SuiteRunnerWorker.run(SuiteRunnerWorker.java:86)
	at org.testng.TestNG.runSuitesSequentially(TestNG.java:1301)
	at org.testng.TestNG.runSuitesLocally(TestNG.java:1226)
	at org.testng.TestNG.runSuites(TestNG.java:1144)
	at org.testng.TestNG.run(TestNG.java:1115)
	at org.testng.remote.AbstractRemoteTestNG.run(AbstractRemoteTestNG.java:132)
	at org.testng.remote.RemoteTestNG.initAndRun(RemoteTestNG.java:230)
	at org.testng.remote.RemoteTestNG.main(RemoteTestNG.java:76)
]]>
    </failure>
  </testcase> <!-- @BeforeMethod setUp -->
  <testcase name="@BeforeMethod setUp" time="0.0" classname="Tests.testRegistroEventoMasico">
    <skipped/>
  </testcase> <!-- @BeforeMethod setUp -->
  <testcase name="@BeforeMethod setUp" time="0.0" classname="Tests.testRegistroEventoMasico">
    <skipped/>
  </testcase> <!-- @BeforeMethod setUp -->
  <testcase name="@BeforeMethod setUp" time="0.0" classname="Tests.testRegistroEventoMasico">
    <skipped/>
  </testcase> <!-- @BeforeMethod setUp -->
  <testcase name="@BeforeMethod setUp" time="0.0" classname="Tests.testRegistroEventoMasico">
    <skipped/>
  </testcase> <!-- @BeforeMethod setUp -->
  <testcase name="@BeforeMethod setUp" time="0.0" classname="Tests.testRegistroEventoMasico">
    <skipped/>
  </testcase> <!-- @BeforeMethod setUp -->
  <testcase name="@BeforeMethod setUp" time="0.0" classname="Tests.testRegistroEventoMasico">
    <skipped/>
  </testcase> <!-- @BeforeMethod setUp -->
  <testcase name="@BeforeMethod setUp" time="0.0" classname="Tests.testRegistroEventoMasico">
    <skipped/>
  </testcase> <!-- @BeforeMethod setUp -->
  <testcase name="@BeforeMethod setUp" time="0.0" classname="Tests.testRegistroEventoMasico">
    <skipped/>
  </testcase> <!-- @BeforeMethod setUp -->
  <testcase name="@BeforeMethod setUp" time="0.0" classname="Tests.testRegistroEventoMasico">
    <skipped/>
  </testcase> <!-- @BeforeMethod setUp -->
  <testcase name="@BeforeMethod setUp" time="0.0" classname="Tests.testRegistroEventoMasico">
    <skipped/>
  </testcase> <!-- @BeforeMethod setUp -->
  <testcase name="@BeforeMethod setUp" time="0.0" classname="Tests.testRegistroEventoMasico">
    <skipped/>
  </testcase> <!-- @BeforeMethod setUp -->
  <testcase name="@BeforeMethod setUp" time="0.0" classname="Tests.testRegistroEventoMasico">
    <skipped/>
  </testcase> <!-- @BeforeMethod setUp -->
  <testcase name="@AfterClass tearDown" time="0.0" classname="Tests.testRegistroEventoMasico">
    <skipped/>
  </testcase> <!-- @AfterClass tearDown -->
  <testcase name="TS16329_CRM_Fase_2_Technical_Care_Sistema_Incidentes_Masivos_Creación_de_Eventos_Masivos_Tipo_Obligatorio" time="0.0" classname="Tests.testRegistroEventoMasico">
    <skipped/>
  </testcase> <!-- TS16329_CRM_Fase_2_Technical_Care_Sistema_Incidentes_Masivos_Creación_de_Eventos_Masivos_Tipo_Obligatorio -->
  <testcase name="TS16330_CRM_Fase_2_Technical_Care_Sistema_Incidentes_Masivos_Creación_de_Eventos_Masivos_Subtipo_Obligatorio" time="0.0" classname="Tests.testRegistroEventoMasico">
    <skipped/>
  </testcase> <!-- TS16330_CRM_Fase_2_Technical_Care_Sistema_Incidentes_Masivos_Creación_de_Eventos_Masivos_Subtipo_Obligatorio -->
  <testcase name="TS16331_CRM_Fase_2_Technical_Care_Sistema_Incidentes_Masivos_Creación_de_Eventos_Masivos_Canal_Obligatorio" time="0.0" classname="Tests.testRegistroEventoMasico">
    <skipped/>
  </testcase> <!-- TS16331_CRM_Fase_2_Technical_Care_Sistema_Incidentes_Masivos_Creación_de_Eventos_Masivos_Canal_Obligatorio -->
  <testcase name="TS16332_CRM_Fase_2_Technical_Care_Sistema_Incidentes_Masivos_Creación_de_Eventos_Masivos_Incidente_Obligatorio" time="0.0" classname="Tests.testRegistroEventoMasico">
    <skipped/>
  </testcase> <!-- TS16332_CRM_Fase_2_Technical_Care_Sistema_Incidentes_Masivos_Creación_de_Eventos_Masivos_Incidente_Obligatorio -->
  <testcase name="TS16333_CRM_Fase_2_Technical_Care_Sistema_Incidentes_Masivos_Creación_de_Eventos_Masivos_Titulo_Obligatorio" time="0.0" classname="Tests.testRegistroEventoMasico">
    <skipped/>
  </testcase> <!-- TS16333_CRM_Fase_2_Technical_Care_Sistema_Incidentes_Masivos_Creación_de_Eventos_Masivos_Titulo_Obligatorio -->
  <testcase name="TS16334_CRM_Fase_2_Technical_Care_Sistema_Incidentes_Masivos_Creación_de_Eventos_Masivos_Impacto_Obligatorio" time="0.0" classname="Tests.testRegistroEventoMasico">
    <skipped/>
  </testcase> <!-- TS16334_CRM_Fase_2_Technical_Care_Sistema_Incidentes_Masivos_Creación_de_Eventos_Masivos_Impacto_Obligatorio -->
  <testcase name="TS16335_CRM_Fase_2_Technical_Care_Sistema_Incidentes_Masivos_Creación_de_Eventos_Masivos_Fecha_de_Inicio_Obligatorio" time="0.0" classname="Tests.testRegistroEventoMasico">
    <skipped/>
  </testcase> <!-- TS16335_CRM_Fase_2_Technical_Care_Sistema_Incidentes_Masivos_Creación_de_Eventos_Masivos_Fecha_de_Inicio_Obligatorio -->
  <testcase name="TS16336_CRM_Fase_2_Technical_Care_Sistema_Incidentes_Masivos_Creación_de_Eventos_Masivos_Fecha_Estimada_De_Cierre_No_Obligatorio" time="0.001" classname="Tests.testRegistroEventoMasico">
    <skipped/>
  </testcase> <!-- TS16336_CRM_Fase_2_Technical_Care_Sistema_Incidentes_Masivos_Creación_de_Eventos_Masivos_Fecha_Estimada_De_Cierre_No_Obligatorio -->
  <testcase name="TS16337_CRM_Fase_2_Technical_Care_Sistema_Incidentes_Masivos_Creación_de_Eventos_Masivos_Estado_Obligatorio" time="0.0" classname="Tests.testRegistroEventoMasico">
    <skipped/>
  </testcase> <!-- TS16337_CRM_Fase_2_Technical_Care_Sistema_Incidentes_Masivos_Creación_de_Eventos_Masivos_Estado_Obligatorio -->
  <testcase name="TS16338_CRM_Fase_2_Technical_Care_Sistema_Incidentes_Masivos_Creación_de_Eventos_Masivos_Detalle_del_Incidente_Obligatorio" time="0.0" classname="Tests.testRegistroEventoMasico">
    <skipped/>
  </testcase> <!-- TS16338_CRM_Fase_2_Technical_Care_Sistema_Incidentes_Masivos_Creación_de_Eventos_Masivos_Detalle_del_Incidente_Obligatorio -->
  <testcase name="TS16339_CRM_Fase_2_Technical_Care_Sistema_Incidentes_Masivos_Creación_de_Eventos_Masivos_Cliente_afectado_Obligatorio" time="0.0" classname="Tests.testRegistroEventoMasico">
    <skipped/>
  </testcase> <!-- TS16339_CRM_Fase_2_Technical_Care_Sistema_Incidentes_Masivos_Creación_de_Eventos_Masivos_Cliente_afectado_Obligatorio -->
  <testcase name="TS16340_CRM_Fase_2_Technical_Care_Sistema_Incidentes_Masivos_Creación_de_Eventos_Masivos_Cliente_Procedimiento_Obligatorio" time="0.0" classname="Tests.testRegistroEventoMasico">
    <skipped/>
  </testcase> <!-- TS16340_CRM_Fase_2_Technical_Care_Sistema_Incidentes_Masivos_Creación_de_Eventos_Masivos_Cliente_Procedimiento_Obligatorio -->
  <testcase name="TS16341_CRM_Fase_2_Technical_Care_Sistema_Incidentes_Masivos_Creación_de_Eventos_Masivos_Speech_Obligatorio" time="0.0" classname="Tests.testRegistroEventoMasico">
    <skipped/>
  </testcase> <!-- TS16341_CRM_Fase_2_Technical_Care_Sistema_Incidentes_Masivos_Creación_de_Eventos_Masivos_Speech_Obligatorio -->
</testsuite> <!-- Default test -->
