<?xml version="1.0" encoding="UTF-8"?>
<!-- Generated by org.testng.reporters.JUnitXMLReporter -->
<testsuite hostname="DESKTOP-UOMKS8R" ignored="15" name="Test" tests="16" failures="8" timestamp="27 nov 2017 14:03:26 GMT" time="1263.538" errors="0">
  <testcase name="@AfterMethod deslogin" time="11.008" classname="Tests.Sales">
    <failure type="org.openqa.selenium.NoSuchWindowException" message="no such window: window was already closed
  (Session info: chrome=62.0.3202.94)
  (Driver info: chromedriver=2.30.477700 (0057494ad8732195794a7b32078424f92a5fce41),platform=Windows NT 10.0.15063 x86_64) (WARNING: The server did not provide any stacktrace information)
Command duration or timeout: 1.01 seconds
Build info: version: &amp;apos;unknown&amp;apos;, revision: &amp;apos;unknown&amp;apos;, time: &amp;apos;unknown&amp;apos;
System info: host: &amp;apos;DESKTOP-UOMKS8R&amp;apos;, ip: &amp;apos;192.168.56.1&amp;apos;, os.name: &amp;apos;Windows 10&amp;apos;, os.arch: &amp;apos;x86&amp;apos;, os.version: &amp;apos;10.0&amp;apos;, java.version: &amp;apos;1.8.0_131&amp;apos;
Driver info: org.openqa.selenium.chrome.ChromeDriver
Capabilities [{applicationCacheEnabled=false, rotatable=false, mobileEmulationEnabled=false, networkConnectionEnabled=false, chrome={chromedriverVersion=2.30.477700 (0057494ad8732195794a7b32078424f92a5fce41), userDataDir=C:\Users\SOFIAC~1\AppData\Local\Temp\scoped_dir1976_17377}, takesHeapSnapshot=true, pageLoadStrategy=normal, databaseEnabled=false, handlesAlerts=true, hasTouchScreen=false, version=62.0.3202.94, platform=XP, browserConnectionEnabled=false, nativeEvents=true, acceptSslCerts=true, locationContextEnabled=true, webStorageEnabled=true, browserName=chrome, takesScreenshot=true, javascriptEnabled=true, cssSelectorsEnabled=true, unexpectedAlertBehaviour=}]
Session ID: 4df4ac07f52b8000cedc64d5b573c29e">
      <![CDATA[org.openqa.selenium.NoSuchWindowException: no such window: window was already closed
  (Session info: chrome=62.0.3202.94)
  (Driver info: chromedriver=2.30.477700 (0057494ad8732195794a7b32078424f92a5fce41),platform=Windows NT 10.0.15063 x86_64) (WARNING: The server did not provide any stacktrace information)
Command duration or timeout: 1.01 seconds
Build info: version: 'unknown', revision: 'unknown', time: 'unknown'
System info: host: 'DESKTOP-UOMKS8R', ip: '192.168.56.1', os.name: 'Windows 10', os.arch: 'x86', os.version: '10.0', java.version: '1.8.0_131'
Driver info: org.openqa.selenium.chrome.ChromeDriver
Capabilities [{applicationCacheEnabled=false, rotatable=false, mobileEmulationEnabled=false, networkConnectionEnabled=false, chrome={chromedriverVersion=2.30.477700 (0057494ad8732195794a7b32078424f92a5fce41), userDataDir=C:\Users\SOFIAC~1\AppData\Local\Temp\scoped_dir1976_17377}, takesHeapSnapshot=true, pageLoadStrategy=normal, databaseEnabled=false, handlesAlerts=true, hasTouchScreen=false, version=62.0.3202.94, platform=XP, browserConnectionEnabled=false, nativeEvents=true, acceptSslCerts=true, locationContextEnabled=true, webStorageEnabled=true, browserName=chrome, takesScreenshot=true, javascriptEnabled=true, cssSelectorsEnabled=true, unexpectedAlertBehaviour=}]
Session ID: 4df4ac07f52b8000cedc64d5b573c29e
	at org.openqa.selenium.remote.ErrorHandler.createThrowable(ErrorHandler.java:215)
	at org.openqa.selenium.remote.ErrorHandler.throwIfResponseFailed(ErrorHandler.java:167)
	at org.openqa.selenium.remote.RemoteWebDriver.execute(RemoteWebDriver.java:671)
	at org.openqa.selenium.remote.RemoteWebDriver.get(RemoteWebDriver.java:364)
	at Tests.Sales.deslogin(Sales.java:54)
... Removed 31 stack frames]]>
    </failure>
  </testcase> <!-- @AfterMethod deslogin -->
  <testcase name="@BeforeMethod setup" time="0.0" classname="Tests.Sales">
    <skipped/>
  </testcase> <!-- @BeforeMethod setup -->
  <testcase name="TS38688_Alta_Contacto_Busqueda_Verificar_resultado_busqueda_contacto_Sin_cuenta_asociada" time="30.587" classname="Tests.Sales"/>
  <testcase name="TS38689_Alta_Contacto_Busqueda_Verificar_resultado_busqueda_cliente_activo_inactivo" time="40.643" classname="Tests.Sales"/>
  <testcase name="TS38760_Perfiles_Verificar_creacion_de_perfil_Canal_Tefonico" time="29.19" classname="Tests.Sales">
    <failure type="java.lang.AssertionError">
      <![CDATA[java.lang.AssertionError
	at org.junit.Assert.fail(Assert.java:86)
	at org.junit.Assert.assertTrue(Assert.java:41)
	at org.junit.Assert.assertTrue(Assert.java:52)
	at Pages.SalesBase.validarperfil(SalesBase.java:259)
	at Tests.Sales.TS38760_Perfiles_Verificar_creacion_de_perfil_Canal_Tefonico(Sales.java:223)
... Removed 25 stack frames]]>
    </failure>
  </testcase> <!-- TS38760_Perfiles_Verificar_creacion_de_perfil_Canal_Tefonico -->
  <testcase name="TS38761_Perfiles_Verificar_creacion_de_perfil_Oficina_Comercial" time="29.563" classname="Tests.Sales">
    <failure type="java.lang.AssertionError">
      <![CDATA[java.lang.AssertionError
	at org.junit.Assert.fail(Assert.java:86)
	at org.junit.Assert.assertTrue(Assert.java:41)
	at org.junit.Assert.assertTrue(Assert.java:52)
	at Pages.SalesBase.validarperfil(SalesBase.java:257)
	at Tests.Sales.TS38761_Perfiles_Verificar_creacion_de_perfil_Oficina_Comercial(Sales.java:232)
... Removed 25 stack frames]]>
    </failure>
  </testcase> <!-- TS38761_Perfiles_Verificar_creacion_de_perfil_Oficina_Comercial -->
  <testcase name="TS38762_Perfiles_Verificar_creacion_de_perfil_Oficina_Agente" time="24.276" classname="Tests.Sales">
    <failure type="java.lang.AssertionError">
      <![CDATA[java.lang.AssertionError
	at org.junit.Assert.fail(Assert.java:86)
	at org.junit.Assert.assertTrue(Assert.java:41)
	at org.junit.Assert.assertTrue(Assert.java:52)
	at Pages.SalesBase.validarperfil(SalesBase.java:259)
	at Tests.Sales.TS38762_Perfiles_Verificar_creacion_de_perfil_Oficina_Agente(Sales.java:239)
... Removed 25 stack frames]]>
    </failure>
  </testcase> <!-- TS38762_Perfiles_Verificar_creacion_de_perfil_Oficina_Agente -->
  <testcase name="TS38763_Perfiles_Verificar_creacion_de_perfil_Oficina_Logistica" time="32.891" classname="Tests.Sales">
    <failure type="java.lang.AssertionError">
      <![CDATA[java.lang.AssertionError
	at org.junit.Assert.fail(Assert.java:86)
	at org.junit.Assert.assertTrue(Assert.java:41)
	at org.junit.Assert.assertTrue(Assert.java:52)
	at Pages.SalesBase.validarperfil(SalesBase.java:259)
	at Tests.Sales.TS38763_Perfiles_Verificar_creacion_de_perfil_Oficina_Logistica(Sales.java:246)
... Removed 25 stack frames]]>
    </failure>
  </testcase> <!-- TS38763_Perfiles_Verificar_creacion_de_perfil_Oficina_Logistica -->
  <testcase name="TS38790_Alta_Cuenta_Busqueda_Verificar_nombre_de_la_busqueda" time="10.111" classname="Tests.Sales"/>
  <testcase name="TS38791_Alta_Cuenta_Busqueda_Verificar_secciones_de_la_busqueda_de_cliente" time="10.148" classname="Tests.Sales"/>
  <testcase name="TS38792_Alta_Cuenta_Busqueda_Verificar_campos_de_la_busqueda_avanzada" time="5.41" classname="Tests.Sales"/>
  <testcase name="TS38793_Alta_Cuenta_Busqueda_Verificar_Nombre_y_Apellido_separado" time="51.487" classname="Tests.Sales"/>
  <testcase name="TS38803_Ventas_General_Verificar_visualizacion_de_boton_Continuar" time="85.882" classname="Tests.Sales">
    <failure type="java.lang.AssertionError" message="expected [true] but found [false]">
      <![CDATA[java.lang.AssertionError: expected [true] but found [false]
	at Tests.Sales.TS38803_Ventas_General_Verificar_visualizacion_de_boton_Continuar(Sales.java:313)
... Removed 29 stack frames]]>
    </failure>
  </testcase> <!-- TS38803_Ventas_General_Verificar_visualizacion_de_boton_Continuar -->
  <testcase name="TS39554_Ventas_General_Verificar_que_se_muestre_el_estado_de_una_OV" time="101.012" classname="Tests.Sales">
    <failure type="java.lang.AssertionError">
      <![CDATA[java.lang.AssertionError
	at org.junit.Assert.fail(Assert.java:86)
	at org.junit.Assert.assertTrue(Assert.java:41)
	at org.junit.Assert.assertTrue(Assert.java:52)
	at Pages.SalesBase.validarpasos(SalesBase.java:306)
	at Tests.Sales.TS39554_Ventas_General_Verificar_que_se_muestre_el_estado_de_una_OV(Sales.java:323)
... Removed 25 stack frames]]>
    </failure>
  </testcase> <!-- TS39554_Ventas_General_Verificar_que_se_muestre_el_estado_de_una_OV -->
  <testcase name="TS39641_Alta_Contacto_Busqueda_Verificar_que_se_recuerden_los_datos_de_busqueda" time="40.827" classname="Tests.Sales">
    <failure type="java.lang.AssertionError">
      <![CDATA[java.lang.AssertionError
	at org.junit.Assert.fail(Assert.java:86)
	at org.junit.Assert.assertTrue(Assert.java:41)
	at org.junit.Assert.assertTrue(Assert.java:52)
	at Pages.SalesBase.validarnuevocliente(SalesBase.java:326)
	at Tests.Sales.TS39641_Alta_Contacto_Busqueda_Verificar_que_se_recuerden_los_datos_de_busqueda(Sales.java:334)
... Removed 25 stack frames]]>
    </failure>
  </testcase> <!-- TS39641_Alta_Contacto_Busqueda_Verificar_que_se_recuerden_los_datos_de_busqueda -->
  <testcase name="TS39798_Alta_Contacto_Busqueda_Verificar_accion_de_Crear_Cuenta" time="62.567" classname="Tests.Sales"/>
  <testcase name="TS40648_Alta_Cuenta_Busqueda_Verificar_que_se_agregue_un_nivel_de_agrupamiento" time="21.508" classname="Tests.Sales">
    <failure type="org.openqa.selenium.NoSuchWindowException" message="no such window: window was already closed
  (Session info: chrome=62.0.3202.94)
  (Driver info: chromedriver=2.30.477700 (0057494ad8732195794a7b32078424f92a5fce41),platform=Windows NT 10.0.15063 x86_64) (WARNING: The server did not provide any stacktrace information)
Command duration or timeout: 1.01 seconds
Build info: version: &amp;apos;unknown&amp;apos;, revision: &amp;apos;unknown&amp;apos;, time: &amp;apos;unknown&amp;apos;
System info: host: &amp;apos;DESKTOP-UOMKS8R&amp;apos;, ip: &amp;apos;192.168.56.1&amp;apos;, os.name: &amp;apos;Windows 10&amp;apos;, os.arch: &amp;apos;x86&amp;apos;, os.version: &amp;apos;10.0&amp;apos;, java.version: &amp;apos;1.8.0_131&amp;apos;
Driver info: org.openqa.selenium.chrome.ChromeDriver
Capabilities [{applicationCacheEnabled=false, rotatable=false, mobileEmulationEnabled=false, networkConnectionEnabled=false, chrome={chromedriverVersion=2.30.477700 (0057494ad8732195794a7b32078424f92a5fce41), userDataDir=C:\Users\SOFIAC~1\AppData\Local\Temp\scoped_dir1976_17377}, takesHeapSnapshot=true, pageLoadStrategy=normal, databaseEnabled=false, handlesAlerts=true, hasTouchScreen=false, version=62.0.3202.94, platform=XP, browserConnectionEnabled=false, nativeEvents=true, acceptSslCerts=true, locationContextEnabled=true, webStorageEnabled=true, browserName=chrome, takesScreenshot=true, javascriptEnabled=true, cssSelectorsEnabled=true, unexpectedAlertBehaviour=}]
Session ID: 4df4ac07f52b8000cedc64d5b573c29e
*** Element info: {Using=id, value=ContactFirstName}">
      <![CDATA[org.openqa.selenium.NoSuchWindowException: no such window: window was already closed
  (Session info: chrome=62.0.3202.94)
  (Driver info: chromedriver=2.30.477700 (0057494ad8732195794a7b32078424f92a5fce41),platform=Windows NT 10.0.15063 x86_64) (WARNING: The server did not provide any stacktrace information)
Command duration or timeout: 1.01 seconds
Build info: version: 'unknown', revision: 'unknown', time: 'unknown'
System info: host: 'DESKTOP-UOMKS8R', ip: '192.168.56.1', os.name: 'Windows 10', os.arch: 'x86', os.version: '10.0', java.version: '1.8.0_131'
Driver info: org.openqa.selenium.chrome.ChromeDriver
Capabilities [{applicationCacheEnabled=false, rotatable=false, mobileEmulationEnabled=false, networkConnectionEnabled=false, chrome={chromedriverVersion=2.30.477700 (0057494ad8732195794a7b32078424f92a5fce41), userDataDir=C:\Users\SOFIAC~1\AppData\Local\Temp\scoped_dir1976_17377}, takesHeapSnapshot=true, pageLoadStrategy=normal, databaseEnabled=false, handlesAlerts=true, hasTouchScreen=false, version=62.0.3202.94, platform=XP, browserConnectionEnabled=false, nativeEvents=true, acceptSslCerts=true, locationContextEnabled=true, webStorageEnabled=true, browserName=chrome, takesScreenshot=true, javascriptEnabled=true, cssSelectorsEnabled=true, unexpectedAlertBehaviour=}]
Session ID: 4df4ac07f52b8000cedc64d5b573c29e
*** Element info: {Using=id, value=ContactFirstName}
	at org.openqa.selenium.remote.ErrorHandler.createThrowable(ErrorHandler.java:215)
	at org.openqa.selenium.remote.ErrorHandler.throwIfResponseFailed(ErrorHandler.java:167)
	at org.openqa.selenium.remote.RemoteWebDriver.execute(RemoteWebDriver.java:671)
	at org.openqa.selenium.remote.RemoteWebDriver.findElement(RemoteWebDriver.java:410)
	at org.openqa.selenium.remote.RemoteWebDriver.findElementById(RemoteWebDriver.java:453)
	at org.openqa.selenium.By$ById.findElement(By.java:218)
	at org.openqa.selenium.remote.RemoteWebDriver.findElement(RemoteWebDriver.java:402)
	at org.openqa.selenium.support.pagefactory.DefaultElementLocator.findElement(DefaultElementLocator.java:69)
	at org.openqa.selenium.support.pagefactory.internal.LocatingElementHandler.invoke(LocatingElementHandler.java:38)
	at com.sun.proxy.$Proxy8.sendKeys(Unknown Source)
	at Pages.SalesBase.BuscarAvanzada(SalesBase.java:186)
	at Tests.Sales.TS40648_Alta_Cuenta_Busqueda_Verificar_que_se_agregue_un_nivel_de_agrupamiento(Sales.java:348)
... Removed 29 stack frames]]>
    </failure>
  </testcase> <!-- TS40648_Alta_Cuenta_Busqueda_Verificar_que_se_agregue_un_nivel_de_agrupamiento -->
  <testcase name="TS40650_Alta_Cuenta_Busqueda_Verificar_accion_boton_1" time="0.0" classname="Tests.Sales">
    <skipped/>
  </testcase> <!-- TS40650_Alta_Cuenta_Busqueda_Verificar_accion_boton_1 -->
  <testcase name="TS14268_Ventas_NumeroOrden_Visualizar_Orden_de_Venta_Abierta_Simulacion_de_Factura" time="0.0" classname="Tests.Sales">
    <ignored/>
  </testcase> <!-- TS14268_Ventas_NumeroOrden_Visualizar_Orden_de_Venta_Abierta_Simulacion_de_Factura -->
  <testcase name="TS14279_Ventas_NumeroOrden_Verificar_Orden_de_Venta_Abierta_Simulacion_de_Factura_Final" time="0.0" classname="Tests.Sales">
    <ignored/>
  </testcase> <!-- TS14279_Ventas_NumeroOrden_Verificar_Orden_de_Venta_Abierta_Simulacion_de_Factura_Final -->
  <testcase name="TS14272_Ventas_NumeroOrden_Verificar_Orden_de_Venta_Abierta_Nueva_Venta" time="0.0" classname="Tests.Sales">
    <ignored/>
  </testcase> <!-- TS14272_Ventas_NumeroOrden_Verificar_Orden_de_Venta_Abierta_Nueva_Venta -->
  <testcase name="TS14269_Ventas_NumeroOrden_Visualizar_Orden_de_Venta_Abierta_Medio_de_Pago" time="0.0" classname="Tests.Sales">
    <ignored/>
  </testcase> <!-- TS14269_Ventas_NumeroOrden_Visualizar_Orden_de_Venta_Abierta_Medio_de_Pago -->
  <testcase name="TS14266_Ventas_NumeroOrden_Visualizar_Orden_de_Venta_Abierta_Seleccion_de_Linea" time="0.0" classname="Tests.Sales">
    <ignored/>
  </testcase> <!-- TS14266_Ventas_NumeroOrden_Visualizar_Orden_de_Venta_Abierta_Seleccion_de_Linea -->
  <testcase name="TS14278_Ventas_NumeroOrden_Verificar_Orden_de_Venta_Abierta_ICCID" time="0.0" classname="Tests.Sales">
    <ignored/>
  </testcase> <!-- TS14278_Ventas_NumeroOrden_Verificar_Orden_de_Venta_Abierta_ICCID -->
  <testcase name="TS14275_Ventas_NumeroOrden_Verificar_Orden_de_Venta_Abierta_Modo_de_Entrega" time="0.0" classname="Tests.Sales">
    <ignored/>
  </testcase> <!-- TS14275_Ventas_NumeroOrden_Verificar_Orden_de_Venta_Abierta_Modo_de_Entrega -->
  <testcase name="TS14264_Ventas_NumeroOrden_Visualizar_Orden_de_Venta_Abierta_Nueva_Venta" time="0.0" classname="Tests.Sales">
    <ignored/>
  </testcase> <!-- TS14264_Ventas_NumeroOrden_Visualizar_Orden_de_Venta_Abierta_Nueva_Venta -->
  <testcase name="TS14274_Ventas_NumeroOrden_Verificar_Orden_de_Venta_Abierta_Seleccion_de_Linea" time="0.0" classname="Tests.Sales">
    <ignored/>
  </testcase> <!-- TS14274_Ventas_NumeroOrden_Verificar_Orden_de_Venta_Abierta_Seleccion_de_Linea -->
  <testcase name="TS14267_Ventas_NumeroOrden_Visualizar_Orden_de_Venta_Abierta_Modo_de_Entrega" time="0.0" classname="Tests.Sales">
    <ignored/>
  </testcase> <!-- TS14267_Ventas_NumeroOrden_Visualizar_Orden_de_Venta_Abierta_Modo_de_Entrega -->
  <testcase name="TS14270_Ventas_NumeroOrden_Visualizar_Orden_de_Venta_Abierta_ICCID" time="0.0" classname="Tests.Sales">
    <ignored/>
  </testcase> <!-- TS14270_Ventas_NumeroOrden_Visualizar_Orden_de_Venta_Abierta_ICCID -->
  <testcase name="TS14276_Ventas_NumeroOrden_Verificar_Orden_de_Venta_Abierta_Simulacion_de_Factura" time="0.0" classname="Tests.Sales">
    <ignored/>
  </testcase> <!-- TS14276_Ventas_NumeroOrden_Verificar_Orden_de_Venta_Abierta_Simulacion_de_Factura -->
  <testcase name="TS14273_Ventas_NumeroOrden_Verificar_Orden_de_Venta_Abierta_Seleccionar_un_producto" time="0.0" classname="Tests.Sales">
    <ignored/>
  </testcase> <!-- TS14273_Ventas_NumeroOrden_Verificar_Orden_de_Venta_Abierta_Seleccionar_un_producto -->
  <testcase name="TS14277_Ventas_NumeroOrden_Verificar_Orden_de_Venta_Abierta_Medio_de_Pago" time="0.0" classname="Tests.Sales">
    <ignored/>
  </testcase> <!-- TS14277_Ventas_NumeroOrden_Verificar_Orden_de_Venta_Abierta_Medio_de_Pago -->
  <testcase name="TS14265_Ventas_NumeroOrden_Visualizar_Orden_de_Venta_Abierta_Seleccionar_un_producto" time="0.0" classname="Tests.Sales">
    <ignored/>
  </testcase> <!-- TS14265_Ventas_NumeroOrden_Visualizar_Orden_de_Venta_Abierta_Seleccionar_un_producto -->
</testsuite> <!-- Test -->
