<?xml version="1.0" encoding="UTF-8"?>
<<<<<<< Updated upstream
<testng-results skipped="1" failed="1" ignored="53" total="55" passed="0">
  <reporter-output>
  </reporter-output>
  <suite name="Default suite" duration-ms="23858" started-at="2019-02-12T15:02:08Z" finished-at="2019-02-12T15:02:32Z">
    <groups>
      <group name="BeFan">
        <method signature="BeFANMayorista.TS97654_BeFan_Movil_REPRO_PreaActivacion_Linea_Repro_Localidad_inexistente_para_numeracion_movil()[pri:0, instance:Tests.BeFANMayorista@74ad1f1f]" name="TS97654_BeFan_Movil_REPRO_PreaActivacion_Linea_Repro_Localidad_inexistente_para_numeracion_movil" class="Tests.BeFANMayorista"/>
        <method signature="BeFANMayorista.TS97670_BeFan_Movil_REPRO_Seriales_con_estado_ERROR()[pri:0, instance:Tests.BeFANMayorista@74ad1f1f]" name="TS97670_BeFan_Movil_REPRO_Seriales_con_estado_ERROR" class="Tests.BeFANMayorista"/>
      </group> <!-- BeFan -->
    </groups>
    <test name="Default test" duration-ms="23858" started-at="2019-02-12T15:02:08Z" finished-at="2019-02-12T15:02:32Z">
      <class name="Tests.BeFANMayorista">
        <test-method status="PASS" signature="init()[pri:0, instance:Tests.BeFANMayorista@74ad1f1f]" name="init" is-config="true" duration-ms="23251" started-at="2019-02-12T15:02:08Z" finished-at="2019-02-12T15:02:31Z">
          <reporter-output>
          </reporter-output>
        </test-method> <!-- init -->
        <test-method status="FAIL" signature="TS97654_BeFan_Movil_REPRO_PreaActivacion_Linea_Repro_Localidad_inexistente_para_numeracion_movil()[pri:0, instance:Tests.BeFANMayorista@74ad1f1f]" name="TS97654_BeFan_Movil_REPRO_PreaActivacion_Linea_Repro_Localidad_inexistente_para_numeracion_movil" duration-ms="200" started-at="2019-02-12T15:02:31Z" finished-at="2019-02-12T15:02:31Z">
          <exception class="java.io.FileNotFoundException">
            <message>
              <![CDATA[C:\BefanArchivos\salida\Resultado201902120.txt (The system cannot find the file specified)]]>
            </message>
            <full-stacktrace>
              <![CDATA[java.io.FileNotFoundException: C:\BefanArchivos\salida\Resultado201902120.txt (The system cannot find the file specified)
at java.io.FileInputStream.open0(Native Method)
at java.io.FileInputStream.open(Unknown Source)
at java.io.FileInputStream.<init>(Unknown Source)
at java.io.FileReader.<init>(Unknown Source)
at Pages.BeFan.soyEzpesial(BeFan.java:218)
at Tests.BeFANMayorista.TS97654_BeFan_Movil_REPRO_PreaActivacion_Linea_Repro_Localidad_inexistente_para_numeracion_movil(BeFANMayorista.java:1681)
=======
<testng-results skipped="2" failed="0" ignored="180" total="182" passed="0">
  <reporter-output>
  </reporter-output>
  <suite name="Default suite" duration-ms="221129" started-at="2019-02-18T18:54:54Z" finished-at="2019-02-18T18:58:35Z">
    <groups>
      <group name="GestionesPerfilOficina">
        <method signature="GestionesPerfilOficina.TS100602_CRM_Movil_REPRO_FF_Alta_Presencial(java.lang.String, java.lang.String, java.lang.String, java.lang.String)[pri:0, instance:Tests.GestionesPerfilOficina@7a30d1e6]" name="TS100602_CRM_Movil_REPRO_FF_Alta_Presencial" class="Tests.GestionesPerfilOficina"/>
      </group> <!-- GestionesPerfilOficina -->
      <group name="E2E">
        <method signature="GestionesPerfilOficina.TS100602_CRM_Movil_REPRO_FF_Alta_Presencial(java.lang.String, java.lang.String, java.lang.String, java.lang.String)[pri:0, instance:Tests.GestionesPerfilOficina@7a30d1e6]" name="TS100602_CRM_Movil_REPRO_FF_Alta_Presencial" class="Tests.GestionesPerfilOficina"/>
      </group> <!-- E2E -->
      <group name="Ciclo1">
        <method signature="GestionesPerfilOficina.TS100602_CRM_Movil_REPRO_FF_Alta_Presencial(java.lang.String, java.lang.String, java.lang.String, java.lang.String)[pri:0, instance:Tests.GestionesPerfilOficina@7a30d1e6]" name="TS100602_CRM_Movil_REPRO_FF_Alta_Presencial" class="Tests.GestionesPerfilOficina"/>
      </group> <!-- Ciclo1 -->
      <group name="NumerosAmigos">
        <method signature="GestionesPerfilOficina.TS100602_CRM_Movil_REPRO_FF_Alta_Presencial(java.lang.String, java.lang.String, java.lang.String, java.lang.String)[pri:0, instance:Tests.GestionesPerfilOficina@7a30d1e6]" name="TS100602_CRM_Movil_REPRO_FF_Alta_Presencial" class="Tests.GestionesPerfilOficina"/>
      </group> <!-- NumerosAmigos -->
    </groups>
    <test name="Default test" duration-ms="221129" started-at="2019-02-18T18:54:54Z" finished-at="2019-02-18T18:58:35Z">
      <class name="Tests.GestionesPerfilOficina">
        <test-method status="PASS" signature="init()[pri:0, instance:Tests.GestionesPerfilOficina@7a30d1e6]" name="init" is-config="true" duration-ms="145227" started-at="2019-02-18T18:54:54Z" finished-at="2019-02-18T18:57:20Z">
          <reporter-output>
          </reporter-output>
        </test-method> <!-- init -->
        <test-method status="FAIL" signature="setup()[pri:0, instance:Tests.GestionesPerfilOficina@7a30d1e6]" name="setup" is-config="true" duration-ms="29949" started-at="2019-02-18T18:57:21Z" finished-at="2019-02-18T18:57:51Z">
          <exception class="org.openqa.selenium.WebDriverException">
            <message>
              <![CDATA[unknown error: Element <iframe id="ext-comp-1005" name="ext-comp-1005" frameborder="0" allow="camera *; geolocation *; microphone *" src="/home/home.jsp?isdtp=nv&amp;nonce=fe339ff310d318b47791712e6e54d6e620c7f5b7585991fdac837116206c8830&amp;sfdcIFrameOrigin=https%3A%2F%2Ftelecomcrm--uat.cs53.my.salesforce.com" style="width: 1366px; height: 459px;" cd_frame_id_="2d3e6e8b675031cef2ee89c30b4dc3d0"></iframe> is not clickable at point (97, 258). Other element would receive the click: <span class="x-menu-item-text" id="ext-gen150">...</span>
  (Session info: chrome=72.0.3626.109)
  (Driver info: chromedriver=2.43.600210 (68dcf5eebde37173d4027fa8635e332711d2874a),platform=Windows NT 10.0.17134 x86_64) (WARNING: The server did not provide any stacktrace information)
Command duration or timeout: 497 milliseconds
Build info: version: 'unknown', revision: 'unknown', time: 'unknown'
System info: host: 'LAPTOP-JB3M8V7H', ip: '10.112.4.4', os.name: 'Windows 10', os.arch: 'amd64', os.version: '10.0', java.version: '1.8.0_141'
Driver info: org.openqa.selenium.chrome.ChromeDriver
Capabilities [{mobileEmulationEnabled=false, hasTouchScreen=false, platform=XP, acceptSslCerts=false, goog:chromeOptions={debuggerAddress=localhost:64328}, acceptInsecureCerts=false, webStorageEnabled=true, browserName=chrome, takesScreenshot=true, javascriptEnabled=true, setWindowRect=true, unexpectedAlertBehaviour=, applicationCacheEnabled=false, rotatable=false, networkConnectionEnabled=false, chrome={chromedriverVersion=2.43.600210 (68dcf5eebde37173d4027fa8635e332711d2874a), userDataDir=C:\Users\FLORAN~1\AppData\Local\Temp\scoped_dir6164_18205}, takesHeapSnapshot=true, pageLoadStrategy=normal, databaseEnabled=false, handlesAlerts=true, version=72.0.3626.109, browserConnectionEnabled=false, nativeEvents=true, locationContextEnabled=true, cssSelectorsEnabled=true}]
Session ID: f36a2ad0cc6953a050b3b25743bb07d0]]>
            </message>
            <full-stacktrace>
              <![CDATA[org.openqa.selenium.WebDriverException: unknown error: Element <iframe id="ext-comp-1005" name="ext-comp-1005" frameborder="0" allow="camera *; geolocation *; microphone *" src="/home/home.jsp?isdtp=nv&amp;nonce=fe339ff310d318b47791712e6e54d6e620c7f5b7585991fdac837116206c8830&amp;sfdcIFrameOrigin=https%3A%2F%2Ftelecomcrm--uat.cs53.my.salesforce.com" style="width: 1366px; height: 459px;" cd_frame_id_="2d3e6e8b675031cef2ee89c30b4dc3d0"></iframe> is not clickable at point (97, 258). Other element would receive the click: <span class="x-menu-item-text" id="ext-gen150">...</span>
  (Session info: chrome=72.0.3626.109)
  (Driver info: chromedriver=2.43.600210 (68dcf5eebde37173d4027fa8635e332711d2874a),platform=Windows NT 10.0.17134 x86_64) (WARNING: The server did not provide any stacktrace information)
Command duration or timeout: 497 milliseconds
Build info: version: 'unknown', revision: 'unknown', time: 'unknown'
System info: host: 'LAPTOP-JB3M8V7H', ip: '10.112.4.4', os.name: 'Windows 10', os.arch: 'amd64', os.version: '10.0', java.version: '1.8.0_141'
Driver info: org.openqa.selenium.chrome.ChromeDriver
Capabilities [{mobileEmulationEnabled=false, hasTouchScreen=false, platform=XP, acceptSslCerts=false, goog:chromeOptions={debuggerAddress=localhost:64328}, acceptInsecureCerts=false, webStorageEnabled=true, browserName=chrome, takesScreenshot=true, javascriptEnabled=true, setWindowRect=true, unexpectedAlertBehaviour=, applicationCacheEnabled=false, rotatable=false, networkConnectionEnabled=false, chrome={chromedriverVersion=2.43.600210 (68dcf5eebde37173d4027fa8635e332711d2874a), userDataDir=C:\Users\FLORAN~1\AppData\Local\Temp\scoped_dir6164_18205}, takesHeapSnapshot=true, pageLoadStrategy=normal, databaseEnabled=false, handlesAlerts=true, version=72.0.3626.109, browserConnectionEnabled=false, nativeEvents=true, locationContextEnabled=true, cssSelectorsEnabled=true}]
Session ID: f36a2ad0cc6953a050b3b25743bb07d0
at sun.reflect.NativeConstructorAccessorImpl.newInstance0(Native Method)
at sun.reflect.NativeConstructorAccessorImpl.newInstance(Unknown Source)
at sun.reflect.DelegatingConstructorAccessorImpl.newInstance(Unknown Source)
at java.lang.reflect.Constructor.newInstance(Unknown Source)
at org.openqa.selenium.remote.ErrorHandler.createThrowable(ErrorHandler.java:215)
at org.openqa.selenium.remote.ErrorHandler.throwIfResponseFailed(ErrorHandler.java:167)
at org.openqa.selenium.remote.RemoteWebDriver.execute(RemoteWebDriver.java:671)
at org.openqa.selenium.remote.RemoteWebElement.execute(RemoteWebElement.java:272)
at org.openqa.selenium.remote.RemoteWebElement.click(RemoteWebElement.java:82)
at Tests.GestionesPerfilOficina.setup(GestionesPerfilOficina.java:133)
at sun.reflect.NativeMethodAccessorImpl.invoke0(Native Method)
at sun.reflect.NativeMethodAccessorImpl.invoke(Unknown Source)
at sun.reflect.DelegatingMethodAccessorImpl.invoke(Unknown Source)
at java.lang.reflect.Method.invoke(Unknown Source)
at org.testng.internal.MethodInvocationHelper.invokeMethod(MethodInvocationHelper.java:124)
at org.testng.internal.MethodInvocationHelper.invokeMethodConsideringTimeout(MethodInvocationHelper.java:59)
at org.testng.internal.Invoker.invokeConfigurationMethod(Invoker.java:458)
at org.testng.internal.Invoker.invokeConfigurations(Invoker.java:222)
at org.testng.internal.Invoker.invokeMethod(Invoker.java:523)
at org.testng.internal.Invoker.invokeTestMethod(Invoker.java:719)
at org.testng.internal.Invoker.invokeTestMethods(Invoker.java:989)
at org.testng.internal.TestMethodWorker.invokeTestMethods(TestMethodWorker.java:125)
at org.testng.internal.TestMethodWorker.run(TestMethodWorker.java:109)
at org.testng.TestRunner.privateRun(TestRunner.java:648)
at org.testng.TestRunner.run(TestRunner.java:505)
at org.testng.SuiteRunner.runTest(SuiteRunner.java:455)
at org.testng.SuiteRunner.runSequentially(SuiteRunner.java:450)
at org.testng.SuiteRunner.privateRun(SuiteRunner.java:415)
at org.testng.SuiteRunner.run(SuiteRunner.java:364)
at org.testng.SuiteRunnerWorker.runSuite(SuiteRunnerWorker.java:52)
at org.testng.SuiteRunnerWorker.run(SuiteRunnerWorker.java:84)
at org.testng.TestNG.runSuitesSequentially(TestNG.java:1208)
at org.testng.TestNG.runSuitesLocally(TestNG.java:1137)
at org.testng.TestNG.runSuites(TestNG.java:1049)
at org.testng.TestNG.run(TestNG.java:1017)
at org.testng.remote.AbstractRemoteTestNG.run(AbstractRemoteTestNG.java:114)
at org.testng.remote.RemoteTestNG.initAndRun(RemoteTestNG.java:251)
at org.testng.remote.RemoteTestNG.main(RemoteTestNG.java:77)
]]>
            </full-stacktrace>
          </exception> <!-- org.openqa.selenium.WebDriverException -->
          <reporter-output>
          </reporter-output>
        </test-method> <!-- setup -->
        <test-method status="SKIP" signature="TS100602_CRM_Movil_REPRO_FF_Alta_Presencial(java.lang.String, java.lang.String, java.lang.String, java.lang.String)[pri:0, instance:Tests.GestionesPerfilOficina@7a30d1e6]" name="TS100602_CRM_Movil_REPRO_FF_Alta_Presencial" duration-ms="0" started-at="2019-02-18T18:57:51Z" data-provider="NumerosAmigos" finished-at="2019-02-18T18:57:51Z">
          <exception class="org.openqa.selenium.WebDriverException">
            <message>
              <![CDATA[unknown error: Element <iframe id="ext-comp-1005" name="ext-comp-1005" frameborder="0" allow="camera *; geolocation *; microphone *" src="/home/home.jsp?isdtp=nv&amp;nonce=fe339ff310d318b47791712e6e54d6e620c7f5b7585991fdac837116206c8830&amp;sfdcIFrameOrigin=https%3A%2F%2Ftelecomcrm--uat.cs53.my.salesforce.com" style="width: 1366px; height: 459px;" cd_frame_id_="2d3e6e8b675031cef2ee89c30b4dc3d0"></iframe> is not clickable at point (97, 258). Other element would receive the click: <span class="x-menu-item-text" id="ext-gen150">...</span>
  (Session info: chrome=72.0.3626.109)
  (Driver info: chromedriver=2.43.600210 (68dcf5eebde37173d4027fa8635e332711d2874a),platform=Windows NT 10.0.17134 x86_64) (WARNING: The server did not provide any stacktrace information)
Command duration or timeout: 497 milliseconds
Build info: version: 'unknown', revision: 'unknown', time: 'unknown'
System info: host: 'LAPTOP-JB3M8V7H', ip: '10.112.4.4', os.name: 'Windows 10', os.arch: 'amd64', os.version: '10.0', java.version: '1.8.0_141'
Driver info: org.openqa.selenium.chrome.ChromeDriver
Capabilities [{mobileEmulationEnabled=false, hasTouchScreen=false, platform=XP, acceptSslCerts=false, goog:chromeOptions={debuggerAddress=localhost:64328}, acceptInsecureCerts=false, webStorageEnabled=true, browserName=chrome, takesScreenshot=true, javascriptEnabled=true, setWindowRect=true, unexpectedAlertBehaviour=, applicationCacheEnabled=false, rotatable=false, networkConnectionEnabled=false, chrome={chromedriverVersion=2.43.600210 (68dcf5eebde37173d4027fa8635e332711d2874a), userDataDir=C:\Users\FLORAN~1\AppData\Local\Temp\scoped_dir6164_18205}, takesHeapSnapshot=true, pageLoadStrategy=normal, databaseEnabled=false, handlesAlerts=true, version=72.0.3626.109, browserConnectionEnabled=false, nativeEvents=true, locationContextEnabled=true, cssSelectorsEnabled=true}]
Session ID: f36a2ad0cc6953a050b3b25743bb07d0]]>
            </message>
            <full-stacktrace>
              <![CDATA[org.openqa.selenium.WebDriverException: unknown error: Element <iframe id="ext-comp-1005" name="ext-comp-1005" frameborder="0" allow="camera *; geolocation *; microphone *" src="/home/home.jsp?isdtp=nv&amp;nonce=fe339ff310d318b47791712e6e54d6e620c7f5b7585991fdac837116206c8830&amp;sfdcIFrameOrigin=https%3A%2F%2Ftelecomcrm--uat.cs53.my.salesforce.com" style="width: 1366px; height: 459px;" cd_frame_id_="2d3e6e8b675031cef2ee89c30b4dc3d0"></iframe> is not clickable at point (97, 258). Other element would receive the click: <span class="x-menu-item-text" id="ext-gen150">...</span>
  (Session info: chrome=72.0.3626.109)
  (Driver info: chromedriver=2.43.600210 (68dcf5eebde37173d4027fa8635e332711d2874a),platform=Windows NT 10.0.17134 x86_64) (WARNING: The server did not provide any stacktrace information)
Command duration or timeout: 497 milliseconds
Build info: version: 'unknown', revision: 'unknown', time: 'unknown'
System info: host: 'LAPTOP-JB3M8V7H', ip: '10.112.4.4', os.name: 'Windows 10', os.arch: 'amd64', os.version: '10.0', java.version: '1.8.0_141'
Driver info: org.openqa.selenium.chrome.ChromeDriver
Capabilities [{mobileEmulationEnabled=false, hasTouchScreen=false, platform=XP, acceptSslCerts=false, goog:chromeOptions={debuggerAddress=localhost:64328}, acceptInsecureCerts=false, webStorageEnabled=true, browserName=chrome, takesScreenshot=true, javascriptEnabled=true, setWindowRect=true, unexpectedAlertBehaviour=, applicationCacheEnabled=false, rotatable=false, networkConnectionEnabled=false, chrome={chromedriverVersion=2.43.600210 (68dcf5eebde37173d4027fa8635e332711d2874a), userDataDir=C:\Users\FLORAN~1\AppData\Local\Temp\scoped_dir6164_18205}, takesHeapSnapshot=true, pageLoadStrategy=normal, databaseEnabled=false, handlesAlerts=true, version=72.0.3626.109, browserConnectionEnabled=false, nativeEvents=true, locationContextEnabled=true, cssSelectorsEnabled=true}]
Session ID: f36a2ad0cc6953a050b3b25743bb07d0
at sun.reflect.NativeConstructorAccessorImpl.newInstance0(Native Method)
at sun.reflect.NativeConstructorAccessorImpl.newInstance(Unknown Source)
at sun.reflect.DelegatingConstructorAccessorImpl.newInstance(Unknown Source)
at java.lang.reflect.Constructor.newInstance(Unknown Source)
at org.openqa.selenium.remote.ErrorHandler.createThrowable(ErrorHandler.java:215)
at org.openqa.selenium.remote.ErrorHandler.throwIfResponseFailed(ErrorHandler.java:167)
at org.openqa.selenium.remote.RemoteWebDriver.execute(RemoteWebDriver.java:671)
at org.openqa.selenium.remote.RemoteWebElement.execute(RemoteWebElement.java:272)
at org.openqa.selenium.remote.RemoteWebElement.click(RemoteWebElement.java:82)
at Tests.GestionesPerfilOficina.setup(GestionesPerfilOficina.java:133)
>>>>>>> Stashed changes
at sun.reflect.NativeMethodAccessorImpl.invoke0(Native Method)
at sun.reflect.NativeMethodAccessorImpl.invoke(Unknown Source)
at sun.reflect.DelegatingMethodAccessorImpl.invoke(Unknown Source)
at java.lang.reflect.Method.invoke(Unknown Source)
at org.testng.internal.MethodInvocationHelper.invokeMethod(MethodInvocationHelper.java:124)
<<<<<<< Updated upstream
at org.testng.internal.Invoker.invokeMethod(Invoker.java:580)
at org.testng.internal.Invoker.invokeTestMethod(Invoker.java:716)
at org.testng.internal.Invoker.invokeTestMethods(Invoker.java:988)
=======
at org.testng.internal.MethodInvocationHelper.invokeMethodConsideringTimeout(MethodInvocationHelper.java:59)
at org.testng.internal.Invoker.invokeConfigurationMethod(Invoker.java:458)
at org.testng.internal.Invoker.invokeConfigurations(Invoker.java:222)
at org.testng.internal.Invoker.invokeMethod(Invoker.java:523)
at org.testng.internal.Invoker.invokeTestMethod(Invoker.java:719)
at org.testng.internal.Invoker.invokeTestMethods(Invoker.java:989)
>>>>>>> Stashed changes
at org.testng.internal.TestMethodWorker.invokeTestMethods(TestMethodWorker.java:125)
at org.testng.internal.TestMethodWorker.run(TestMethodWorker.java:109)
at org.testng.TestRunner.privateRun(TestRunner.java:648)
at org.testng.TestRunner.run(TestRunner.java:505)
at org.testng.SuiteRunner.runTest(SuiteRunner.java:455)
at org.testng.SuiteRunner.runSequentially(SuiteRunner.java:450)
at org.testng.SuiteRunner.privateRun(SuiteRunner.java:415)
at org.testng.SuiteRunner.run(SuiteRunner.java:364)
at org.testng.SuiteRunnerWorker.runSuite(SuiteRunnerWorker.java:52)
at org.testng.SuiteRunnerWorker.run(SuiteRunnerWorker.java:84)
at org.testng.TestNG.runSuitesSequentially(TestNG.java:1208)
at org.testng.TestNG.runSuitesLocally(TestNG.java:1137)
at org.testng.TestNG.runSuites(TestNG.java:1049)
at org.testng.TestNG.run(TestNG.java:1017)
at org.testng.remote.AbstractRemoteTestNG.run(AbstractRemoteTestNG.java:114)
at org.testng.remote.RemoteTestNG.initAndRun(RemoteTestNG.java:251)
at org.testng.remote.RemoteTestNG.main(RemoteTestNG.java:77)
]]>
            </full-stacktrace>
          </exception> <!-- java.io.FileNotFoundException -->
          <reporter-output>
          </reporter-output>
<<<<<<< Updated upstream
        </test-method> <!-- TS97654_BeFan_Movil_REPRO_PreaActivacion_Linea_Repro_Localidad_inexistente_para_numeracion_movil -->
        <test-method status="SKIP" signature="TS97670_BeFan_Movil_REPRO_Seriales_con_estado_ERROR()[pri:0, instance:Tests.BeFANMayorista@74ad1f1f]" name="TS97670_BeFan_Movil_REPRO_Seriales_con_estado_ERROR" duration-ms="0" started-at="2019-02-12T15:02:32Z" depends-on-methods="Tests.BeFANMayorista.TS97654_BeFan_Movil_REPRO_PreaActivacion_Linea_Repro_Localidad_inexistente_para_numeracion_movil" finished-at="2019-02-12T15:02:32Z">
          <exception class="java.lang.Throwable">
            <message>
              <![CDATA[Method BeFANMayorista.TS97670_BeFan_Movil_REPRO_Seriales_con_estado_ERROR()[pri:0, instance:Tests.BeFANMayorista@74ad1f1f] depends on not successfully finished methods]]>
            </message>
            <full-stacktrace>
              <![CDATA[java.lang.Throwable: Method BeFANMayorista.TS97670_BeFan_Movil_REPRO_Seriales_con_estado_ERROR()[pri:0, instance:Tests.BeFANMayorista@74ad1f1f] depends on not successfully finished methods
at org.testng.internal.Invoker.invokeTestMethods(Invoker.java:887)
=======
        </test-method> <!-- TS100602_CRM_Movil_REPRO_FF_Alta_Presencial -->
        <test-method status="PASS" signature="after()[pri:0, instance:Tests.GestionesPerfilOficina@7a30d1e6]" name="after" is-config="true" duration-ms="4603" started-at="2019-02-18T18:57:51Z" finished-at="2019-02-18T18:57:56Z">
          <reporter-output>
          </reporter-output>
        </test-method> <!-- after -->
        <test-method status="PASS" signature="setup()[pri:0, instance:Tests.GestionesPerfilOficina@7a30d1e6]" name="setup" is-config="true" duration-ms="34995" started-at="2019-02-18T18:57:56Z" finished-at="2019-02-18T18:58:31Z">
          <reporter-output>
          </reporter-output>
        </test-method> <!-- setup -->
        <test-method status="SKIP" signature="TS100602_CRM_Movil_REPRO_FF_Alta_Presencial(java.lang.String, java.lang.String, java.lang.String, java.lang.String)[pri:0, instance:Tests.GestionesPerfilOficina@7a30d1e6]" name="TS100602_CRM_Movil_REPRO_FF_Alta_Presencial" duration-ms="0" started-at="2019-02-18T18:58:31Z" data-provider="NumerosAmigos" finished-at="2019-02-18T18:58:31Z">
          <exception class="org.openqa.selenium.WebDriverException">
            <message>
              <![CDATA[unknown error: Element <iframe id="ext-comp-1005" name="ext-comp-1005" frameborder="0" allow="camera *; geolocation *; microphone *" src="/home/home.jsp?isdtp=nv&amp;nonce=fe339ff310d318b47791712e6e54d6e620c7f5b7585991fdac837116206c8830&amp;sfdcIFrameOrigin=https%3A%2F%2Ftelecomcrm--uat.cs53.my.salesforce.com" style="width: 1366px; height: 459px;" cd_frame_id_="2d3e6e8b675031cef2ee89c30b4dc3d0"></iframe> is not clickable at point (97, 258). Other element would receive the click: <span class="x-menu-item-text" id="ext-gen150">...</span>
  (Session info: chrome=72.0.3626.109)
  (Driver info: chromedriver=2.43.600210 (68dcf5eebde37173d4027fa8635e332711d2874a),platform=Windows NT 10.0.17134 x86_64) (WARNING: The server did not provide any stacktrace information)
Command duration or timeout: 497 milliseconds
Build info: version: 'unknown', revision: 'unknown', time: 'unknown'
System info: host: 'LAPTOP-JB3M8V7H', ip: '10.112.4.4', os.name: 'Windows 10', os.arch: 'amd64', os.version: '10.0', java.version: '1.8.0_141'
Driver info: org.openqa.selenium.chrome.ChromeDriver
Capabilities [{mobileEmulationEnabled=false, hasTouchScreen=false, platform=XP, acceptSslCerts=false, goog:chromeOptions={debuggerAddress=localhost:64328}, acceptInsecureCerts=false, webStorageEnabled=true, browserName=chrome, takesScreenshot=true, javascriptEnabled=true, setWindowRect=true, unexpectedAlertBehaviour=, applicationCacheEnabled=false, rotatable=false, networkConnectionEnabled=false, chrome={chromedriverVersion=2.43.600210 (68dcf5eebde37173d4027fa8635e332711d2874a), userDataDir=C:\Users\FLORAN~1\AppData\Local\Temp\scoped_dir6164_18205}, takesHeapSnapshot=true, pageLoadStrategy=normal, databaseEnabled=false, handlesAlerts=true, version=72.0.3626.109, browserConnectionEnabled=false, nativeEvents=true, locationContextEnabled=true, cssSelectorsEnabled=true}]
Session ID: f36a2ad0cc6953a050b3b25743bb07d0]]>
            </message>
            <full-stacktrace>
              <![CDATA[org.openqa.selenium.WebDriverException: unknown error: Element <iframe id="ext-comp-1005" name="ext-comp-1005" frameborder="0" allow="camera *; geolocation *; microphone *" src="/home/home.jsp?isdtp=nv&amp;nonce=fe339ff310d318b47791712e6e54d6e620c7f5b7585991fdac837116206c8830&amp;sfdcIFrameOrigin=https%3A%2F%2Ftelecomcrm--uat.cs53.my.salesforce.com" style="width: 1366px; height: 459px;" cd_frame_id_="2d3e6e8b675031cef2ee89c30b4dc3d0"></iframe> is not clickable at point (97, 258). Other element would receive the click: <span class="x-menu-item-text" id="ext-gen150">...</span>
  (Session info: chrome=72.0.3626.109)
  (Driver info: chromedriver=2.43.600210 (68dcf5eebde37173d4027fa8635e332711d2874a),platform=Windows NT 10.0.17134 x86_64) (WARNING: The server did not provide any stacktrace information)
Command duration or timeout: 497 milliseconds
Build info: version: 'unknown', revision: 'unknown', time: 'unknown'
System info: host: 'LAPTOP-JB3M8V7H', ip: '10.112.4.4', os.name: 'Windows 10', os.arch: 'amd64', os.version: '10.0', java.version: '1.8.0_141'
Driver info: org.openqa.selenium.chrome.ChromeDriver
Capabilities [{mobileEmulationEnabled=false, hasTouchScreen=false, platform=XP, acceptSslCerts=false, goog:chromeOptions={debuggerAddress=localhost:64328}, acceptInsecureCerts=false, webStorageEnabled=true, browserName=chrome, takesScreenshot=true, javascriptEnabled=true, setWindowRect=true, unexpectedAlertBehaviour=, applicationCacheEnabled=false, rotatable=false, networkConnectionEnabled=false, chrome={chromedriverVersion=2.43.600210 (68dcf5eebde37173d4027fa8635e332711d2874a), userDataDir=C:\Users\FLORAN~1\AppData\Local\Temp\scoped_dir6164_18205}, takesHeapSnapshot=true, pageLoadStrategy=normal, databaseEnabled=false, handlesAlerts=true, version=72.0.3626.109, browserConnectionEnabled=false, nativeEvents=true, locationContextEnabled=true, cssSelectorsEnabled=true}]
Session ID: f36a2ad0cc6953a050b3b25743bb07d0
at sun.reflect.NativeConstructorAccessorImpl.newInstance0(Native Method)
at sun.reflect.NativeConstructorAccessorImpl.newInstance(Unknown Source)
at sun.reflect.DelegatingConstructorAccessorImpl.newInstance(Unknown Source)
at java.lang.reflect.Constructor.newInstance(Unknown Source)
at org.openqa.selenium.remote.ErrorHandler.createThrowable(ErrorHandler.java:215)
at org.openqa.selenium.remote.ErrorHandler.throwIfResponseFailed(ErrorHandler.java:167)
at org.openqa.selenium.remote.RemoteWebDriver.execute(RemoteWebDriver.java:671)
at org.openqa.selenium.remote.RemoteWebElement.execute(RemoteWebElement.java:272)
at org.openqa.selenium.remote.RemoteWebElement.click(RemoteWebElement.java:82)
at Tests.GestionesPerfilOficina.setup(GestionesPerfilOficina.java:133)
at sun.reflect.NativeMethodAccessorImpl.invoke0(Native Method)
at sun.reflect.NativeMethodAccessorImpl.invoke(Unknown Source)
at sun.reflect.DelegatingMethodAccessorImpl.invoke(Unknown Source)
at java.lang.reflect.Method.invoke(Unknown Source)
at org.testng.internal.MethodInvocationHelper.invokeMethod(MethodInvocationHelper.java:124)
at org.testng.internal.MethodInvocationHelper.invokeMethodConsideringTimeout(MethodInvocationHelper.java:59)
at org.testng.internal.Invoker.invokeConfigurationMethod(Invoker.java:458)
at org.testng.internal.Invoker.invokeConfigurations(Invoker.java:222)
at org.testng.internal.Invoker.invokeMethod(Invoker.java:523)
at org.testng.internal.Invoker.invokeTestMethod(Invoker.java:719)
at org.testng.internal.Invoker.invokeTestMethods(Invoker.java:989)
>>>>>>> Stashed changes
at org.testng.internal.TestMethodWorker.invokeTestMethods(TestMethodWorker.java:125)
at org.testng.internal.TestMethodWorker.run(TestMethodWorker.java:109)
at org.testng.TestRunner.privateRun(TestRunner.java:648)
at org.testng.TestRunner.run(TestRunner.java:505)
at org.testng.SuiteRunner.runTest(SuiteRunner.java:455)
at org.testng.SuiteRunner.runSequentially(SuiteRunner.java:450)
at org.testng.SuiteRunner.privateRun(SuiteRunner.java:415)
at org.testng.SuiteRunner.run(SuiteRunner.java:364)
at org.testng.SuiteRunnerWorker.runSuite(SuiteRunnerWorker.java:52)
at org.testng.SuiteRunnerWorker.run(SuiteRunnerWorker.java:84)
at org.testng.TestNG.runSuitesSequentially(TestNG.java:1208)
at org.testng.TestNG.runSuitesLocally(TestNG.java:1137)
at org.testng.TestNG.runSuites(TestNG.java:1049)
at org.testng.TestNG.run(TestNG.java:1017)
at org.testng.remote.AbstractRemoteTestNG.run(AbstractRemoteTestNG.java:114)
at org.testng.remote.RemoteTestNG.initAndRun(RemoteTestNG.java:251)
at org.testng.remote.RemoteTestNG.main(RemoteTestNG.java:77)
]]>
            </full-stacktrace>
<<<<<<< Updated upstream
          </exception> <!-- java.lang.Throwable -->
          <reporter-output>
          </reporter-output>
        </test-method> <!-- TS97670_BeFan_Movil_REPRO_Seriales_con_estado_ERROR -->
      </class> <!-- Tests.BeFANMayorista -->
=======
          </exception> <!-- org.openqa.selenium.WebDriverException -->
          <reporter-output>
          </reporter-output>
        </test-method> <!-- TS100602_CRM_Movil_REPRO_FF_Alta_Presencial -->
        <test-method status="PASS" signature="after()[pri:0, instance:Tests.GestionesPerfilOficina@7a30d1e6]" name="after" is-config="true" duration-ms="4606" started-at="2019-02-18T18:58:31Z" finished-at="2019-02-18T18:58:35Z">
          <reporter-output>
          </reporter-output>
        </test-method> <!-- after -->
      </class> <!-- Tests.GestionesPerfilOficina -->
>>>>>>> Stashed changes
    </test> <!-- Default test -->
  </suite> <!-- Default suite -->
</testng-results>
