<?xml version="1.0" encoding="UTF-8"?>
<!-- Generated by org.testng.reporters.JUnitReportReporter -->
<testsuite skipped="13" hostname="LAPTOP-ADMPVVC9" name="Tests.testRegistroEventoMasico" tests="14" failures="0" timestamp="01 dic 2017 04:20:56 GMT" time="47.782" errors="1">
  <testcase name="TS16334_CRM_Fase_2_Technical_Care_Sistema_Incidentes_Masivos_Creación_de_Eventos_Masivos_Impacto_Obligatorio" time="0.000" classname="Tests.testRegistroEventoMasico">
    <skipped/>
  </testcase> <!-- TS16334_CRM_Fase_2_Technical_Care_Sistema_Incidentes_Masivos_Creación_de_Eventos_Masivos_Impacto_Obligatorio -->
  <testcase name="TS16330_CRM_Fase_2_Technical_Care_Sistema_Incidentes_Masivos_Creación_de_Eventos_Masivos_Subtipo_Obligatorio" time="0.000" classname="Tests.testRegistroEventoMasico">
    <skipped/>
  </testcase> <!-- TS16330_CRM_Fase_2_Technical_Care_Sistema_Incidentes_Masivos_Creación_de_Eventos_Masivos_Subtipo_Obligatorio -->
  <testcase name="TS16331_CRM_Fase_2_Technical_Care_Sistema_Incidentes_Masivos_Creación_de_Eventos_Masivos_Canal_Obligatorio" time="0.000" classname="Tests.testRegistroEventoMasico">
    <skipped/>
  </testcase> <!-- TS16331_CRM_Fase_2_Technical_Care_Sistema_Incidentes_Masivos_Creación_de_Eventos_Masivos_Canal_Obligatorio -->
  <testcase name="TS16332_CRM_Fase_2_Technical_Care_Sistema_Incidentes_Masivos_Creación_de_Eventos_Masivos_Incidente_Obligatorio" time="0.000" classname="Tests.testRegistroEventoMasico">
    <skipped/>
  </testcase> <!-- TS16332_CRM_Fase_2_Technical_Care_Sistema_Incidentes_Masivos_Creación_de_Eventos_Masivos_Incidente_Obligatorio -->
  <testcase name="TS16341_CRM_Fase_2_Technical_Care_Sistema_Incidentes_Masivos_Creación_de_Eventos_Masivos_Speech_Obligatorio" time="0.000" classname="Tests.testRegistroEventoMasico">
    <skipped/>
  </testcase> <!-- TS16341_CRM_Fase_2_Technical_Care_Sistema_Incidentes_Masivos_Creación_de_Eventos_Masivos_Speech_Obligatorio -->
  <testcase name="setUp" time="47.782" classname="Tests.testRegistroEventoMasico">
    <error type="org.openqa.selenium.NoSuchElementException" message="no such element: Unable to locate element: {&quot;method&quot;:&quot;xpath&quot;,&quot;selector&quot;:&quot;//a[text()=&quot;TechCare/Massive Event - Create Case&quot;]&quot;}
  (Session info: chrome=62.0.3202.94)
  (Driver info: chromedriver=2.30.477700 (0057494ad8732195794a7b32078424f92a5fce41),platform=Windows NT 10.0.15063 x86_64) (WARNING: The server did not provide any stacktrace information)
Command duration or timeout: 65 milliseconds
For documentation on this error, please visit: http://seleniumhq.org/exceptions/no_such_element.html
Build info: version: &#039;3.4.0&#039;, revision: &#039;unknown&#039;, time: &#039;unknown&#039;
System info: host: &#039;LAPTOP-ADMPVVC9&#039;, ip: &#039;10.112.4.196&#039;, os.name: &#039;Windows 10&#039;, os.arch: &#039;amd64&#039;, os.version: &#039;10.0&#039;, java.version: &#039;1.8.0_131&#039;
Driver info: org.openqa.selenium.chrome.ChromeDriver
Capabilities [{applicationCacheEnabled=false, rotatable=false, mobileEmulationEnabled=false, networkConnectionEnabled=false, chrome={chromedriverVersion=2.30.477700 (0057494ad8732195794a7b32078424f92a5fce41), userDataDir=C:\Users\pablo\AppData\Local\Temp\scoped_dir14392_10592}, takesHeapSnapshot=true, pageLoadStrategy=normal, databaseEnabled=false, handlesAlerts=true, hasTouchScreen=false, version=62.0.3202.94, platform=XP, browserConnectionEnabled=false, nativeEvents=true, acceptSslCerts=true, locationContextEnabled=true, webStorageEnabled=true, browserName=chrome, takesScreenshot=true, javascriptEnabled=true, cssSelectorsEnabled=true, unexpectedAlertBehaviour=}]
Session ID: 0080143f8638588851387a194c9c3bef
*** Element info: {Using=xpath, value=//a[text()=&quot;TechCare/Massive Event - Create Case&quot;]}">
      <![CDATA[org.openqa.selenium.NoSuchElementException: no such element: Unable to locate element: {"method":"xpath","selector":"//a[text()="TechCare/Massive Event - Create Case"]"}
  (Session info: chrome=62.0.3202.94)
  (Driver info: chromedriver=2.30.477700 (0057494ad8732195794a7b32078424f92a5fce41),platform=Windows NT 10.0.15063 x86_64) (WARNING: The server did not provide any stacktrace information)
Command duration or timeout: 65 milliseconds
For documentation on this error, please visit: http://seleniumhq.org/exceptions/no_such_element.html
Build info: version: '3.4.0', revision: 'unknown', time: 'unknown'
System info: host: 'LAPTOP-ADMPVVC9', ip: '10.112.4.196', os.name: 'Windows 10', os.arch: 'amd64', os.version: '10.0', java.version: '1.8.0_131'
Driver info: org.openqa.selenium.chrome.ChromeDriver
Capabilities [{applicationCacheEnabled=false, rotatable=false, mobileEmulationEnabled=false, networkConnectionEnabled=false, chrome={chromedriverVersion=2.30.477700 (0057494ad8732195794a7b32078424f92a5fce41), userDataDir=C:\Users\pablo\AppData\Local\Temp\scoped_dir14392_10592}, takesHeapSnapshot=true, pageLoadStrategy=normal, databaseEnabled=false, handlesAlerts=true, hasTouchScreen=false, version=62.0.3202.94, platform=XP, browserConnectionEnabled=false, nativeEvents=true, acceptSslCerts=true, locationContextEnabled=true, webStorageEnabled=true, browserName=chrome, takesScreenshot=true, javascriptEnabled=true, cssSelectorsEnabled=true, unexpectedAlertBehaviour=}]
Session ID: 0080143f8638588851387a194c9c3bef
*** Element info: {Using=xpath, value=//a[text()="TechCare/Massive Event - Create Case"]}
	at sun.reflect.GeneratedConstructorAccessor19.newInstance(Unknown Source)
	at sun.reflect.DelegatingConstructorAccessorImpl.newInstance(Unknown Source)
	at java.lang.reflect.Constructor.newInstance(Unknown Source)
	at org.openqa.selenium.remote.ErrorHandler.createThrowable(ErrorHandler.java:215)
	at org.openqa.selenium.remote.ErrorHandler.throwIfResponseFailed(ErrorHandler.java:167)
	at org.openqa.selenium.remote.RemoteWebDriver.execute(RemoteWebDriver.java:671)
	at org.openqa.selenium.remote.RemoteWebDriver.findElement(RemoteWebDriver.java:410)
	at org.openqa.selenium.remote.RemoteWebDriver.findElementByXPath(RemoteWebDriver.java:509)
	at org.openqa.selenium.By$ByXPath.findElement(By.java:361)
	at org.openqa.selenium.remote.RemoteWebDriver.findElement(RemoteWebDriver.java:402)
	at Tests.testRegistroEventoMasico.setUp(testRegistroEventoMasico.java:85)
	at sun.reflect.NativeMethodAccessorImpl.invoke0(Native Method)
	at sun.reflect.NativeMethodAccessorImpl.invoke(Unknown Source)
	at sun.reflect.DelegatingMethodAccessorImpl.invoke(Unknown Source)
	at java.lang.reflect.Method.invoke(Unknown Source)
	at org.testng.internal.MethodInvocationHelper.invokeMethod(MethodInvocationHelper.java:108)
	at org.testng.internal.Invoker.invokeConfigurationMethod(Invoker.java:523)
	at org.testng.internal.Invoker.invokeConfigurations(Invoker.java:224)
	at org.testng.internal.Invoker.invokeMethod(Invoker.java:599)
	at org.testng.internal.Invoker.invokeTestMethod(Invoker.java:869)
	at org.testng.internal.Invoker.invokeTestMethods(Invoker.java:1193)
	at org.testng.internal.TestMethodWorker.invokeTestMethods(TestMethodWorker.java:126)
	at org.testng.internal.TestMethodWorker.run(TestMethodWorker.java:109)
	at java.util.concurrent.ThreadPoolExecutor.runWorker(Unknown Source)
	at java.util.concurrent.ThreadPoolExecutor$Worker.run(Unknown Source)
	at java.lang.Thread.run(Unknown Source)
]]>
    </error>
  </testcase> <!-- setUp -->
  <testcase name="TS16335_CRM_Fase_2_Technical_Care_Sistema_Incidentes_Masivos_Creación_de_Eventos_Masivos_Fecha_de_Inicio_Obligatorio" time="0.000" classname="Tests.testRegistroEventoMasico">
    <skipped/>
  </testcase> <!-- TS16335_CRM_Fase_2_Technical_Care_Sistema_Incidentes_Masivos_Creación_de_Eventos_Masivos_Fecha_de_Inicio_Obligatorio -->
  <testcase name="TS16340_CRM_Fase_2_Technical_Care_Sistema_Incidentes_Masivos_Creación_de_Eventos_Masivos_Cliente_Procedimiento_Obligatorio" time="0.000" classname="Tests.testRegistroEventoMasico">
    <skipped/>
  </testcase> <!-- TS16340_CRM_Fase_2_Technical_Care_Sistema_Incidentes_Masivos_Creación_de_Eventos_Masivos_Cliente_Procedimiento_Obligatorio -->
  <testcase name="TS16337_CRM_Fase_2_Technical_Care_Sistema_Incidentes_Masivos_Creación_de_Eventos_Masivos_Estado_Obligatorio" time="0.000" classname="Tests.testRegistroEventoMasico">
    <skipped/>
  </testcase> <!-- TS16337_CRM_Fase_2_Technical_Care_Sistema_Incidentes_Masivos_Creación_de_Eventos_Masivos_Estado_Obligatorio -->
  <testcase name="TS16329_CRM_Fase_2_Technical_Care_Sistema_Incidentes_Masivos_Creación_de_Eventos_Masivos_Tipo_Obligatorio" time="0.000" classname="Tests.testRegistroEventoMasico">
    <skipped/>
  </testcase> <!-- TS16329_CRM_Fase_2_Technical_Care_Sistema_Incidentes_Masivos_Creación_de_Eventos_Masivos_Tipo_Obligatorio -->
  <testcase name="TS16336_CRM_Fase_2_Technical_Care_Sistema_Incidentes_Masivos_Creación_de_Eventos_Masivos_Fecha_Estimada_De_Cierre_No_Obligatorio" time="0.000" classname="Tests.testRegistroEventoMasico">
    <skipped/>
  </testcase> <!-- TS16336_CRM_Fase_2_Technical_Care_Sistema_Incidentes_Masivos_Creación_de_Eventos_Masivos_Fecha_Estimada_De_Cierre_No_Obligatorio -->
  <testcase name="TS16339_CRM_Fase_2_Technical_Care_Sistema_Incidentes_Masivos_Creación_de_Eventos_Masivos_Cliente_afectado_Obligatorio" time="0.000" classname="Tests.testRegistroEventoMasico">
    <skipped/>
  </testcase> <!-- TS16339_CRM_Fase_2_Technical_Care_Sistema_Incidentes_Masivos_Creación_de_Eventos_Masivos_Cliente_afectado_Obligatorio -->
  <testcase name="TS16333_CRM_Fase_2_Technical_Care_Sistema_Incidentes_Masivos_Creación_de_Eventos_Masivos_Titulo_Obligatorio" time="0.000" classname="Tests.testRegistroEventoMasico">
    <skipped/>
  </testcase> <!-- TS16333_CRM_Fase_2_Technical_Care_Sistema_Incidentes_Masivos_Creación_de_Eventos_Masivos_Titulo_Obligatorio -->
  <testcase name="TS16338_CRM_Fase_2_Technical_Care_Sistema_Incidentes_Masivos_Creación_de_Eventos_Masivos_Detalle_del_Incidente_Obligatorio" time="0.000" classname="Tests.testRegistroEventoMasico">
    <skipped/>
  </testcase> <!-- TS16338_CRM_Fase_2_Technical_Care_Sistema_Incidentes_Masivos_Creación_de_Eventos_Masivos_Detalle_del_Incidente_Obligatorio -->
</testsuite> <!-- Tests.testRegistroEventoMasico -->
