<?xml version="1.0" encoding="UTF-8"?>
<!-- Generated by org.testng.reporters.JUnitReportReporter -->
<testsuite skipped="7" hostname="DESKTOP-UOMKS8R" name="Tests.newClient" tests="8" failures="0" timestamp="10 nov 2017 13:38:58 GMT" time="87.224" errors="1">
  <testcase name="TS15410_CRM_Fase_2_SalesCPQ_Alta_de_linea_Verificar_LOV_de_modalidad_entrega_para_Canal_Presencial_Oficinas_comerciales" time="0.000" classname="Tests.newClient">
    <skipped/>
  </testcase> <!-- TS15410_CRM_Fase_2_SalesCPQ_Alta_de_linea_Verificar_LOV_de_modalidad_entrega_para_Canal_Presencial_Oficinas_comerciales -->
  <testcase name="TS15413_CRM_Fase_2_SalesCPQ_Alta_de_linea_Verificar_default_de_modalidad_entrega_para_Canal_Presencial_Oficinas_comerciales" time="0.000" classname="Tests.newClient">
    <skipped/>
  </testcase> <!-- TS15413_CRM_Fase_2_SalesCPQ_Alta_de_linea_Verificar_default_de_modalidad_entrega_para_Canal_Presencial_Oficinas_comerciales -->
  <testcase name="TS7005_mandatoryTaxCondition" time="0.000" classname="Tests.newClient">
    <skipped/>
  </testcase> <!-- TS7005_mandatoryTaxCondition -->
  <testcase name="setup" time="87.224" classname="Tests.newClient">
    <error type="org.openqa.selenium.NoSuchElementException" message="no such element: Unable to locate element: {&quot;method&quot;:&quot;id&quot;,&quot;selector&quot;:&quot;Name&quot;}
  (Session info: chrome=61.0.3163.100)
  (Driver info: chromedriver=2.30.477700 (0057494ad8732195794a7b32078424f92a5fce41),platform=Windows NT 10.0.15063 x86_64) (WARNING: The server did not provide any stacktrace information)
Command duration or timeout: 21 milliseconds
For documentation on this error, please visit: http://seleniumhq.org/exceptions/no_such_element.html
Build info: version: &#039;unknown&#039;, revision: &#039;unknown&#039;, time: &#039;unknown&#039;
System info: host: &#039;DESKTOP-UOMKS8R&#039;, ip: &#039;192.168.56.1&#039;, os.name: &#039;Windows 10&#039;, os.arch: &#039;x86&#039;, os.version: &#039;10.0&#039;, java.version: &#039;1.8.0_131&#039;
Driver info: org.openqa.selenium.chrome.ChromeDriver
Capabilities [{applicationCacheEnabled=false, rotatable=false, mobileEmulationEnabled=false, networkConnectionEnabled=false, chrome={chromedriverVersion=2.30.477700 (0057494ad8732195794a7b32078424f92a5fce41), userDataDir=C:\Users\SOFIAC~1\AppData\Local\Temp\scoped_dir8964_20850}, takesHeapSnapshot=true, pageLoadStrategy=normal, databaseEnabled=false, handlesAlerts=true, hasTouchScreen=false, version=61.0.3163.100, platform=XP, browserConnectionEnabled=false, nativeEvents=true, acceptSslCerts=true, locationContextEnabled=true, webStorageEnabled=true, browserName=chrome, takesScreenshot=true, javascriptEnabled=true, cssSelectorsEnabled=true, unexpectedAlertBehaviour=}]
Session ID: 375a2b04308e4a373c2d55e84b9abd8f
*** Element info: {Using=id, value=Name}">
      <![CDATA[org.openqa.selenium.NoSuchElementException: no such element: Unable to locate element: {"method":"id","selector":"Name"}
  (Session info: chrome=61.0.3163.100)
  (Driver info: chromedriver=2.30.477700 (0057494ad8732195794a7b32078424f92a5fce41),platform=Windows NT 10.0.15063 x86_64) (WARNING: The server did not provide any stacktrace information)
Command duration or timeout: 21 milliseconds
For documentation on this error, please visit: http://seleniumhq.org/exceptions/no_such_element.html
Build info: version: 'unknown', revision: 'unknown', time: 'unknown'
System info: host: 'DESKTOP-UOMKS8R', ip: '192.168.56.1', os.name: 'Windows 10', os.arch: 'x86', os.version: '10.0', java.version: '1.8.0_131'
Driver info: org.openqa.selenium.chrome.ChromeDriver
Capabilities [{applicationCacheEnabled=false, rotatable=false, mobileEmulationEnabled=false, networkConnectionEnabled=false, chrome={chromedriverVersion=2.30.477700 (0057494ad8732195794a7b32078424f92a5fce41), userDataDir=C:\Users\SOFIAC~1\AppData\Local\Temp\scoped_dir8964_20850}, takesHeapSnapshot=true, pageLoadStrategy=normal, databaseEnabled=false, handlesAlerts=true, hasTouchScreen=false, version=61.0.3163.100, platform=XP, browserConnectionEnabled=false, nativeEvents=true, acceptSslCerts=true, locationContextEnabled=true, webStorageEnabled=true, browserName=chrome, takesScreenshot=true, javascriptEnabled=true, cssSelectorsEnabled=true, unexpectedAlertBehaviour=}]
Session ID: 375a2b04308e4a373c2d55e84b9abd8f
*** Element info: {Using=id, value=Name}
	at sun.reflect.NativeConstructorAccessorImpl.newInstance0(Native Method)
	at sun.reflect.NativeConstructorAccessorImpl.newInstance(Unknown Source)
	at sun.reflect.DelegatingConstructorAccessorImpl.newInstance(Unknown Source)
	at java.lang.reflect.Constructor.newInstance(Unknown Source)
	at org.openqa.selenium.remote.ErrorHandler.createThrowable(ErrorHandler.java:215)
	at org.openqa.selenium.remote.ErrorHandler.throwIfResponseFailed(ErrorHandler.java:167)
	at org.openqa.selenium.remote.RemoteWebDriver.execute(RemoteWebDriver.java:671)
	at org.openqa.selenium.remote.RemoteWebDriver.findElement(RemoteWebDriver.java:410)
	at org.openqa.selenium.remote.RemoteWebDriver.findElementById(RemoteWebDriver.java:453)
	at org.openqa.selenium.By$ById.findElement(By.java:218)
	at org.openqa.selenium.remote.RemoteWebDriver.findElement(RemoteWebDriver.java:402)
	at Tests.newClient.setup(newClient.java:85)
	at sun.reflect.NativeMethodAccessorImpl.invoke0(Native Method)
	at sun.reflect.NativeMethodAccessorImpl.invoke(Unknown Source)
	at sun.reflect.DelegatingMethodAccessorImpl.invoke(Unknown Source)
	at java.lang.reflect.Method.invoke(Unknown Source)
	at org.testng.internal.MethodInvocationHelper.invokeMethod(MethodInvocationHelper.java:108)
	at org.testng.internal.Invoker.invokeConfigurationMethod(Invoker.java:523)
	at org.testng.internal.Invoker.invokeConfigurations(Invoker.java:224)
	at org.testng.internal.Invoker.invokeMethod(Invoker.java:599)
	at org.testng.internal.Invoker.invokeTestMethod(Invoker.java:869)
	at org.testng.internal.Invoker.invokeTestMethods(Invoker.java:1193)
	at org.testng.internal.TestMethodWorker.invokeTestMethods(TestMethodWorker.java:126)
	at org.testng.internal.TestMethodWorker.run(TestMethodWorker.java:109)
	at org.testng.TestRunner.privateRun(TestRunner.java:744)
	at org.testng.TestRunner.run(TestRunner.java:602)
	at org.testng.SuiteRunner.runTest(SuiteRunner.java:380)
	at org.testng.SuiteRunner.runSequentially(SuiteRunner.java:375)
	at org.testng.SuiteRunner.privateRun(SuiteRunner.java:340)
	at org.testng.SuiteRunner.run(SuiteRunner.java:289)
	at org.testng.SuiteRunnerWorker.runSuite(SuiteRunnerWorker.java:52)
	at org.testng.SuiteRunnerWorker.run(SuiteRunnerWorker.java:86)
	at org.testng.TestNG.runSuitesSequentially(TestNG.java:1301)
	at org.testng.TestNG.runSuitesLocally(TestNG.java:1226)
	at org.testng.TestNG.runSuites(TestNG.java:1144)
	at org.testng.TestNG.run(TestNG.java:1115)
	at org.testng.remote.AbstractRemoteTestNG.run(AbstractRemoteTestNG.java:132)
	at org.testng.remote.RemoteTestNG.initAndRun(RemoteTestNG.java:230)
	at org.testng.remote.RemoteTestNG.main(RemoteTestNG.java:76)
]]>
    </error>
  </testcase> <!-- setup -->
  <testcase name="TS15412_CRM_Fase_2_SalesCPQ_Alta_de_linea_Verificar_default_de_modalidad_entrega_para_Canal_Ecommerce_Telefonico" time="0.000" classname="Tests.newClient">
    <skipped/>
  </testcase> <!-- TS15412_CRM_Fase_2_SalesCPQ_Alta_de_linea_Verificar_default_de_modalidad_entrega_para_Canal_Ecommerce_Telefonico -->
  <testcase name="TS15409_CRM_Fase_2_SalesCPQ_Alta_de_linea_Verificar_LOV_de_modalidad_entrega_para_canal_ecommerce_telefonico" time="0.000" classname="Tests.newClient">
    <skipped/>
  </testcase> <!-- TS15409_CRM_Fase_2_SalesCPQ_Alta_de_linea_Verificar_LOV_de_modalidad_entrega_para_canal_ecommerce_telefonico -->
  <testcase name="TS15411CRM_Fase_2_SalesCPQ_Alta_de_linea_Verificar_LOV_de_modalidad_entrega_para_Canal_Presencial_Agentes" time="0.000" classname="Tests.newClient">
    <skipped/>
  </testcase> <!-- TS15411CRM_Fase_2_SalesCPQ_Alta_de_linea_Verificar_LOV_de_modalidad_entrega_para_Canal_Presencial_Agentes -->
  <testcase name="TS15414_CRM_Fase_2_SalesCPQ_Alta_de_linea_Verificar_default_de_modalidad_entrega_para_Canal_Presencial_Agentes" time="0.000" classname="Tests.newClient">
    <skipped/>
  </testcase> <!-- TS15414_CRM_Fase_2_SalesCPQ_Alta_de_linea_Verificar_default_de_modalidad_entrega_para_Canal_Presencial_Agentes -->
</testsuite> <!-- Tests.newClient -->
