<?xml version="1.0" encoding="UTF-8"?>
<!-- Generated by org.testng.reporters.JUnitReportReporter -->
<testsuite skipped="0" hostname="LAPTOP-ADMPVVC9" name="Tests.TechnicalCareCSRAutogestionA" tests="17" failures="5" timestamp="01 dic 2017 04:20:56 GMT" time="144.226" errors="2">
  <testcase name="TS51243_CRM_Fase_3_Technical_Care_CSR_Autogestion_Visualizacion_de_Lista_de_Inconvenientes_Canal_0800_y_Servicio_0800" time="8.512" classname="Tests.TechnicalCareCSRAutogestionA">
    <error type="org.openqa.selenium.NoSuchElementException" message="Cannot locate element with text: 0800-444-0800 (AC)
For documentation on this error, please visit: http://seleniumhq.org/exceptions/no_such_element.html
Build info: version: &#039;3.4.0&#039;, revision: &#039;unknown&#039;, time: &#039;unknown&#039;
System info: host: &#039;LAPTOP-ADMPVVC9&#039;, ip: &#039;10.112.4.196&#039;, os.name: &#039;Windows 10&#039;, os.arch: &#039;amd64&#039;, os.version: &#039;10.0&#039;, java.version: &#039;1.8.0_131&#039;
Driver info: driver.version: unknown">
      <![CDATA[org.openqa.selenium.NoSuchElementException: Cannot locate element with text: 0800-444-0800 (AC)
For documentation on this error, please visit: http://seleniumhq.org/exceptions/no_such_element.html
Build info: version: '3.4.0', revision: 'unknown', time: 'unknown'
System info: host: 'LAPTOP-ADMPVVC9', ip: '10.112.4.196', os.name: 'Windows 10', os.arch: 'amd64', os.version: '10.0', java.version: '1.8.0_131'
Driver info: driver.version: unknown
	at org.openqa.selenium.support.ui.Select.selectByVisibleText(Select.java:151)
	at Tests.TechnicalCareCSRAutogestionA.TS51243_CRM_Fase_3_Technical_Care_CSR_Autogestion_Visualizacion_de_Lista_de_Inconvenientes_Canal_0800_y_Servicio_0800(TechnicalCareCSRAutogestionA.java:294)
	at sun.reflect.NativeMethodAccessorImpl.invoke0(Native Method)
	at sun.reflect.NativeMethodAccessorImpl.invoke(Unknown Source)
	at sun.reflect.DelegatingMethodAccessorImpl.invoke(Unknown Source)
	at java.lang.reflect.Method.invoke(Unknown Source)
	at org.testng.internal.MethodInvocationHelper.invokeMethod(MethodInvocationHelper.java:108)
	at org.testng.internal.Invoker.invokeMethod(Invoker.java:661)
	at org.testng.internal.Invoker.invokeTestMethod(Invoker.java:869)
	at org.testng.internal.Invoker.invokeTestMethods(Invoker.java:1193)
	at org.testng.internal.TestMethodWorker.invokeTestMethods(TestMethodWorker.java:126)
	at org.testng.internal.TestMethodWorker.run(TestMethodWorker.java:109)
	at java.util.concurrent.ThreadPoolExecutor.runWorker(Unknown Source)
	at java.util.concurrent.ThreadPoolExecutor$Worker.run(Unknown Source)
	at java.lang.Thread.run(Unknown Source)
]]>
    </error>
  </testcase> <!-- TS51243_CRM_Fase_3_Technical_Care_CSR_Autogestion_Visualizacion_de_Lista_de_Inconvenientes_Canal_0800_y_Servicio_0800 -->
  <testcase name="TS51311_CRM_Fase_3_Technical_Care_CSR_uSSD_Visualizacion_de_Lista_de_Inconvenientes_Asterisco_724" time="8.354" classname="Tests.TechnicalCareCSRAutogestionA"/>
  <testcase name="TS51287_CRM_Fase_3_Technical_Care_CSR_Autogestion_Visualizacion_de_Lista_de_Inconvenientes_Canal_WEB_Servicio_Mis_Consumos" time="8.325" classname="Tests.TechnicalCareCSRAutogestionA">
    <error type="org.openqa.selenium.NoSuchElementException" message="Cannot locate element with text: Mis Consumos
For documentation on this error, please visit: http://seleniumhq.org/exceptions/no_such_element.html
Build info: version: &#039;3.4.0&#039;, revision: &#039;unknown&#039;, time: &#039;unknown&#039;
System info: host: &#039;LAPTOP-ADMPVVC9&#039;, ip: &#039;10.112.4.196&#039;, os.name: &#039;Windows 10&#039;, os.arch: &#039;amd64&#039;, os.version: &#039;10.0&#039;, java.version: &#039;1.8.0_131&#039;
Driver info: driver.version: unknown">
      <![CDATA[org.openqa.selenium.NoSuchElementException: Cannot locate element with text: Mis Consumos
For documentation on this error, please visit: http://seleniumhq.org/exceptions/no_such_element.html
Build info: version: '3.4.0', revision: 'unknown', time: 'unknown'
System info: host: 'LAPTOP-ADMPVVC9', ip: '10.112.4.196', os.name: 'Windows 10', os.arch: 'amd64', os.version: '10.0', java.version: '1.8.0_131'
Driver info: driver.version: unknown
	at org.openqa.selenium.support.ui.Select.selectByVisibleText(Select.java:151)
	at Tests.TechnicalCareCSRAutogestionA.TS51287_CRM_Fase_3_Technical_Care_CSR_Autogestion_Visualizacion_de_Lista_de_Inconvenientes_Canal_WEB_Servicio_Mis_Consumos(TechnicalCareCSRAutogestionA.java:524)
	at sun.reflect.NativeMethodAccessorImpl.invoke0(Native Method)
	at sun.reflect.NativeMethodAccessorImpl.invoke(Unknown Source)
	at sun.reflect.DelegatingMethodAccessorImpl.invoke(Unknown Source)
	at java.lang.reflect.Method.invoke(Unknown Source)
	at org.testng.internal.MethodInvocationHelper.invokeMethod(MethodInvocationHelper.java:108)
	at org.testng.internal.Invoker.invokeMethod(Invoker.java:661)
	at org.testng.internal.Invoker.invokeTestMethod(Invoker.java:869)
	at org.testng.internal.Invoker.invokeTestMethods(Invoker.java:1193)
	at org.testng.internal.TestMethodWorker.invokeTestMethods(TestMethodWorker.java:126)
	at org.testng.internal.TestMethodWorker.run(TestMethodWorker.java:109)
	at java.util.concurrent.ThreadPoolExecutor.runWorker(Unknown Source)
	at java.util.concurrent.ThreadPoolExecutor$Worker.run(Unknown Source)
	at java.lang.Thread.run(Unknown Source)
]]>
    </error>
  </testcase> <!-- TS51287_CRM_Fase_3_Technical_Care_CSR_Autogestion_Visualizacion_de_Lista_de_Inconvenientes_Canal_WEB_Servicio_Mis_Consumos -->
  <testcase name="TS51289_CRM_Fase_3_Technical_Care_CSR_Autogestion_Verificacion_de_la_seleccion_Canal_App_y_Servicio_Centros_de_Atencion" time="8.385" classname="Tests.TechnicalCareCSRAutogestionA"/>
  <testcase name="TS51290_CRM_Fase_3_Technical_Care_CSR_Autogestion_APP_Centros_de_Atencion_Visualizacion_de_Lista_de_Inconvenientes" time="8.313" classname="Tests.TechnicalCareCSRAutogestionA"/>
  <testcase name="TS51297_CRM_Fase_3_Technical_Care_CSR_Autogestion_WAP_Visualizacion_de_Lista_de_Inconvenientes_Estado_de_la_Cuenta" time="8.539" classname="Tests.TechnicalCareCSRAutogestionA"/>
  <testcase name="TS51288_CRM_Fase_3_Technical_Care_CSR_Autogestion_APP_Mis_Consumos_Visualizacion_de_Lista_de_Inconvenientes" time="8.419" classname="Tests.TechnicalCareCSRAutogestionA"/>
  <testcase name="TS51249_CRM_Fase_3_Technical_Care_CSR_Autogestion_Visualizacion_de_Lista_de_Inconvenientes_Canal_0800_y_Servicio_0800_888_7382" time="8.447" classname="Tests.TechnicalCareCSRAutogestionA">
    <failure type="java.lang.AssertionError" message="expected [true] but found [false]">
      <![CDATA[java.lang.AssertionError: expected [true] but found [false]
	at org.testng.Assert.fail(Assert.java:93)
	at org.testng.Assert.failNotEquals(Assert.java:512)
	at org.testng.Assert.assertTrue(Assert.java:41)
	at org.testng.Assert.assertTrue(Assert.java:51)
	at Tests.TechnicalCareCSRAutogestionA.TS51249_CRM_Fase_3_Technical_Care_CSR_Autogestion_Visualizacion_de_Lista_de_Inconvenientes_Canal_0800_y_Servicio_0800_888_7382(TechnicalCareCSRAutogestionA.java:226)
	at sun.reflect.NativeMethodAccessorImpl.invoke0(Native Method)
	at sun.reflect.NativeMethodAccessorImpl.invoke(Unknown Source)
	at sun.reflect.DelegatingMethodAccessorImpl.invoke(Unknown Source)
	at java.lang.reflect.Method.invoke(Unknown Source)
	at org.testng.internal.MethodInvocationHelper.invokeMethod(MethodInvocationHelper.java:108)
	at org.testng.internal.Invoker.invokeMethod(Invoker.java:661)
	at org.testng.internal.Invoker.invokeTestMethod(Invoker.java:869)
	at org.testng.internal.Invoker.invokeTestMethods(Invoker.java:1193)
	at org.testng.internal.TestMethodWorker.invokeTestMethods(TestMethodWorker.java:126)
	at org.testng.internal.TestMethodWorker.run(TestMethodWorker.java:109)
	at java.util.concurrent.ThreadPoolExecutor.runWorker(Unknown Source)
	at java.util.concurrent.ThreadPoolExecutor$Worker.run(Unknown Source)
	at java.lang.Thread.run(Unknown Source)
]]>
    </failure>
  </testcase> <!-- TS51249_CRM_Fase_3_Technical_Care_CSR_Autogestion_Visualizacion_de_Lista_de_Inconvenientes_Canal_0800_y_Servicio_0800_888_7382 -->
  <testcase name="TS51278_CRM_Fase_3_Technical_Care_CSR_Autogestion_Visualizacion_de_Lista_de_Inconvenientes_Canal_WEB_Servicio_Internacional" time="8.708" classname="Tests.TechnicalCareCSRAutogestionA">
    <failure type="java.lang.AssertionError" message="expected [true] but found [false]">
      <![CDATA[java.lang.AssertionError: expected [true] but found [false]
	at org.testng.Assert.fail(Assert.java:93)
	at org.testng.Assert.failNotEquals(Assert.java:512)
	at org.testng.Assert.assertTrue(Assert.java:41)
	at org.testng.Assert.assertTrue(Assert.java:51)
	at Tests.TechnicalCareCSRAutogestionA.TS51278_CRM_Fase_3_Technical_Care_CSR_Autogestion_Visualizacion_de_Lista_de_Inconvenientes_Canal_WEB_Servicio_Internacional(TechnicalCareCSRAutogestionA.java:153)
	at sun.reflect.NativeMethodAccessorImpl.invoke0(Native Method)
	at sun.reflect.NativeMethodAccessorImpl.invoke(Unknown Source)
	at sun.reflect.DelegatingMethodAccessorImpl.invoke(Unknown Source)
	at java.lang.reflect.Method.invoke(Unknown Source)
	at org.testng.internal.MethodInvocationHelper.invokeMethod(MethodInvocationHelper.java:108)
	at org.testng.internal.Invoker.invokeMethod(Invoker.java:661)
	at org.testng.internal.Invoker.invokeTestMethod(Invoker.java:869)
	at org.testng.internal.Invoker.invokeTestMethods(Invoker.java:1193)
	at org.testng.internal.TestMethodWorker.invokeTestMethods(TestMethodWorker.java:126)
	at org.testng.internal.TestMethodWorker.run(TestMethodWorker.java:109)
	at java.util.concurrent.ThreadPoolExecutor.runWorker(Unknown Source)
	at java.util.concurrent.ThreadPoolExecutor$Worker.run(Unknown Source)
	at java.lang.Thread.run(Unknown Source)
]]>
    </failure>
  </testcase> <!-- TS51278_CRM_Fase_3_Technical_Care_CSR_Autogestion_Visualizacion_de_Lista_de_Inconvenientes_Canal_WEB_Servicio_Internacional -->
  <testcase name="TS51276_CRM_Fase_3_Technical_Care_CSR_Autogestion_Visualizacion_de_Lista_de_Inconvenientes_Canal_WEB_Servicio_Internet_Movil" time="8.513" classname="Tests.TechnicalCareCSRAutogestionA">
    <failure type="java.lang.AssertionError" message="expected [true] but found [false]">
      <![CDATA[java.lang.AssertionError: expected [true] but found [false]
	at org.testng.Assert.fail(Assert.java:93)
	at org.testng.Assert.failNotEquals(Assert.java:512)
	at org.testng.Assert.assertTrue(Assert.java:41)
	at org.testng.Assert.assertTrue(Assert.java:51)
	at Tests.TechnicalCareCSRAutogestionA.TS51276_CRM_Fase_3_Technical_Care_CSR_Autogestion_Visualizacion_de_Lista_de_Inconvenientes_Canal_WEB_Servicio_Internet_Movil(TechnicalCareCSRAutogestionA.java:117)
	at sun.reflect.NativeMethodAccessorImpl.invoke0(Native Method)
	at sun.reflect.NativeMethodAccessorImpl.invoke(Unknown Source)
	at sun.reflect.DelegatingMethodAccessorImpl.invoke(Unknown Source)
	at java.lang.reflect.Method.invoke(Unknown Source)
	at org.testng.internal.MethodInvocationHelper.invokeMethod(MethodInvocationHelper.java:108)
	at org.testng.internal.Invoker.invokeMethod(Invoker.java:661)
	at org.testng.internal.Invoker.invokeTestMethod(Invoker.java:869)
	at org.testng.internal.Invoker.invokeTestMethods(Invoker.java:1193)
	at org.testng.internal.TestMethodWorker.invokeTestMethods(TestMethodWorker.java:126)
	at org.testng.internal.TestMethodWorker.run(TestMethodWorker.java:109)
	at java.util.concurrent.ThreadPoolExecutor.runWorker(Unknown Source)
	at java.util.concurrent.ThreadPoolExecutor$Worker.run(Unknown Source)
	at java.lang.Thread.run(Unknown Source)
]]>
    </failure>
  </testcase> <!-- TS51276_CRM_Fase_3_Technical_Care_CSR_Autogestion_Visualizacion_de_Lista_de_Inconvenientes_Canal_WEB_Servicio_Internet_Movil -->
  <testcase name="TS51303_CRM_Fase_3_Technical_Care_CSR_Autogestion_WAP_Domicilio_de_acturacion_Visualizacion_de_Lista_de_Inconvenientes" time="8.424" classname="Tests.TechnicalCareCSRAutogestionA"/>
  <testcase name="TS51273_CRM_Fase_3_Technical_Care_CSR_Autogestion_Visualizacion_de_Lista_de_Inconvenientes_Canal_WEB_Servicio_Apps_Musica_y_mas" time="8.900" classname="Tests.TechnicalCareCSRAutogestionA">
    <failure type="java.lang.AssertionError" message="expected [true] but found [false]">
      <![CDATA[java.lang.AssertionError: expected [true] but found [false]
	at org.testng.Assert.fail(Assert.java:93)
	at org.testng.Assert.failNotEquals(Assert.java:512)
	at org.testng.Assert.assertTrue(Assert.java:41)
	at org.testng.Assert.assertTrue(Assert.java:51)
	at Tests.TechnicalCareCSRAutogestionA.TS51273_CRM_Fase_3_Technical_Care_CSR_Autogestion_Visualizacion_de_Lista_de_Inconvenientes_Canal_WEB_Servicio_Apps_Musica_y_mas(TechnicalCareCSRAutogestionA.java:190)
	at sun.reflect.NativeMethodAccessorImpl.invoke0(Native Method)
	at sun.reflect.NativeMethodAccessorImpl.invoke(Unknown Source)
	at sun.reflect.DelegatingMethodAccessorImpl.invoke(Unknown Source)
	at java.lang.reflect.Method.invoke(Unknown Source)
	at org.testng.internal.MethodInvocationHelper.invokeMethod(MethodInvocationHelper.java:108)
	at org.testng.internal.Invoker.invokeMethod(Invoker.java:661)
	at org.testng.internal.Invoker.invokeTestMethod(Invoker.java:869)
	at org.testng.internal.Invoker.invokeTestMethods(Invoker.java:1193)
	at org.testng.internal.TestMethodWorker.invokeTestMethods(TestMethodWorker.java:126)
	at org.testng.internal.TestMethodWorker.run(TestMethodWorker.java:109)
	at java.util.concurrent.ThreadPoolExecutor.runWorker(Unknown Source)
	at java.util.concurrent.ThreadPoolExecutor$Worker.run(Unknown Source)
	at java.lang.Thread.run(Unknown Source)
]]>
    </failure>
  </testcase> <!-- TS51273_CRM_Fase_3_Technical_Care_CSR_Autogestion_Visualizacion_de_Lista_de_Inconvenientes_Canal_WEB_Servicio_Apps_Musica_y_mas -->
  <testcase name="TS51307_CRM_Fase_3_Technical_Care_CSR_uSSD_Visualizacion_de_Lista_de_Inconvenientes_Asterisco_156" time="8.546" classname="Tests.TechnicalCareCSRAutogestionA"/>
  <testcase name="TS51305_CRM_Fase_3_Technical_Care_CSR_Autogestion_WAP_Email_Visualizacion_de_Lista_de_Inconvenientes" time="8.419" classname="Tests.TechnicalCareCSRAutogestionA"/>
  <testcase name="TS51292_CRM_Fase_3_Technical_Care_CSR_Autogestion_APP_Club_Personal_Visualizacion_de_Lista_de_Inconvenientes" time="8.399" classname="Tests.TechnicalCareCSRAutogestionA"/>
  <testcase name="TS51247_CRM_Fase_3_Technical_Care_CSR_Autogestion_Visualizacion_de_Lista_de_Inconvenientes_Canal_0800_y_Servicio_0800_888_4422" time="8.704" classname="Tests.TechnicalCareCSRAutogestionA">
    <failure type="java.lang.AssertionError" message="expected [true] but found [false]">
      <![CDATA[java.lang.AssertionError: expected [true] but found [false]
	at org.testng.Assert.fail(Assert.java:93)
	at org.testng.Assert.failNotEquals(Assert.java:512)
	at org.testng.Assert.assertTrue(Assert.java:41)
	at org.testng.Assert.assertTrue(Assert.java:51)
	at Tests.TechnicalCareCSRAutogestionA.TS51247_CRM_Fase_3_Technical_Care_CSR_Autogestion_Visualizacion_de_Lista_de_Inconvenientes_Canal_0800_y_Servicio_0800_888_4422(TechnicalCareCSRAutogestionA.java:263)
	at sun.reflect.NativeMethodAccessorImpl.invoke0(Native Method)
	at sun.reflect.NativeMethodAccessorImpl.invoke(Unknown Source)
	at sun.reflect.DelegatingMethodAccessorImpl.invoke(Unknown Source)
	at java.lang.reflect.Method.invoke(Unknown Source)
	at org.testng.internal.MethodInvocationHelper.invokeMethod(MethodInvocationHelper.java:108)
	at org.testng.internal.Invoker.invokeMethod(Invoker.java:661)
	at org.testng.internal.Invoker.invokeTestMethod(Invoker.java:869)
	at org.testng.internal.Invoker.invokeTestMethods(Invoker.java:1193)
	at org.testng.internal.TestMethodWorker.invokeTestMethods(TestMethodWorker.java:126)
	at org.testng.internal.TestMethodWorker.run(TestMethodWorker.java:109)
	at java.util.concurrent.ThreadPoolExecutor.runWorker(Unknown Source)
	at java.util.concurrent.ThreadPoolExecutor$Worker.run(Unknown Source)
	at java.lang.Thread.run(Unknown Source)
]]>
    </failure>
  </testcase> <!-- TS51247_CRM_Fase_3_Technical_Care_CSR_Autogestion_Visualizacion_de_Lista_de_Inconvenientes_Canal_0800_y_Servicio_0800_888_4422 -->
  <testcase name="TS51309_CRM_Fase_3_Technical_Care_CSR_uSSD_Visualizacion_de_Lista_de_Inconvenientes_Asterisco_150" time="8.319" classname="Tests.TechnicalCareCSRAutogestionA"/>
</testsuite> <!-- Tests.TechnicalCareCSRAutogestionA -->
