<?xml version="1.0" encoding="UTF-8"?>
<!-- Generated by org.testng.reporters.JUnitReportReporter -->
<testsuite skipped="37" hostname="DESKTOP-UOMKS8R" name="Tests.ta_CPQ_Validate" tests="38" failures="0" timestamp="10 nov 2017 13:38:58 GMT" time="13.869" errors="1">
  <testcase name="TS11874_CRM_Fase_2_SalesCPQ_Configuracion_DomicilioDeInstalacion_Verificar_ingreso_de_numeros_decimales_en_el_campo_Numero_de_Piso" time="0.000" classname="Tests.ta_CPQ_Validate">
    <skipped/>
  </testcase> <!-- TS11874_CRM_Fase_2_SalesCPQ_Configuracion_DomicilioDeInstalacion_Verificar_ingreso_de_numeros_decimales_en_el_campo_Numero_de_Piso -->
  <testcase name="TS11815_CRM_Fase_2_SalesCPQ_Configuracion_DomicilioDeInstalacion_Verificar_combinatoria_LOCAL_PARQUE_INDUSTRIAL" time="0.000" classname="Tests.ta_CPQ_Validate">
    <skipped/>
  </testcase> <!-- TS11815_CRM_Fase_2_SalesCPQ_Configuracion_DomicilioDeInstalacion_Verificar_combinatoria_LOCAL_PARQUE_INDUSTRIAL -->
  <testcase name="TS11834_CRM_Fase_2_SalesCPQ_Configuracion_DomicilioDeInstalacion_Verificar_longitud_del_campo_Descripcion_de_Calle_NO_mayor_25_caracteres" time="0.000" classname="Tests.ta_CPQ_Validate">
    <skipped/>
  </testcase> <!-- TS11834_CRM_Fase_2_SalesCPQ_Configuracion_DomicilioDeInstalacion_Verificar_longitud_del_campo_Descripcion_de_Calle_NO_mayor_25_caracteres -->
  <testcase name="TS11836_CRM_Fase_2_SalesCPQ_Configuracion_DomicilioDeInstalacion_Verificar_longitud_del_campo_Altura_es_menorigual_7_caracteres" time="0.000" classname="Tests.ta_CPQ_Validate">
    <skipped/>
  </testcase> <!-- TS11836_CRM_Fase_2_SalesCPQ_Configuracion_DomicilioDeInstalacion_Verificar_longitud_del_campo_Altura_es_menorigual_7_caracteres -->
  <testcase name="TS11895_CRM_Fase_2_SalesCPQ_Configuracion_DomicilioDeInstalacion_Verificar_longitud_del_campo_Manzana_es_menorigual_5_caracteres" time="0.000" classname="Tests.ta_CPQ_Validate">
    <skipped/>
  </testcase> <!-- TS11895_CRM_Fase_2_SalesCPQ_Configuracion_DomicilioDeInstalacion_Verificar_longitud_del_campo_Manzana_es_menorigual_5_caracteres -->
  <testcase name="TS11872_CRM_Fase_2_SalesCPQ_Configuracion_DomicilioDeInstalacion_Verificar_ingreso_de_numeros_positivos_en_el_campo_Numero_de_Piso" time="0.000" classname="Tests.ta_CPQ_Validate">
    <skipped/>
  </testcase> <!-- TS11872_CRM_Fase_2_SalesCPQ_Configuracion_DomicilioDeInstalacion_Verificar_ingreso_de_numeros_positivos_en_el_campo_Numero_de_Piso -->
  <testcase name="TS11854_CRM_Fase_2_SalesCPQ_Configuracion_DomicilioDeInstalacion_Verificar_longitud_del_campo_Descripcion_de_Entre_CalleRio_1_NO_mayor_25_caracteres" time="0.000" classname="Tests.ta_CPQ_Validate">
    <skipped/>
  </testcase> <!-- TS11854_CRM_Fase_2_SalesCPQ_Configuracion_DomicilioDeInstalacion_Verificar_longitud_del_campo_Descripcion_de_Entre_CalleRio_1_NO_mayor_25_caracteres -->
  <testcase name="TS11841_CRM_Fase_2_SalesCPQ_Configuracion_DomicilioDeInstalacion_Verificar_longitud_del_campo_Comentario_de_Domicilio_NO_mayor_255_caracteres" time="0.000" classname="Tests.ta_CPQ_Validate">
    <skipped/>
  </testcase> <!-- TS11841_CRM_Fase_2_SalesCPQ_Configuracion_DomicilioDeInstalacion_Verificar_longitud_del_campo_Comentario_de_Domicilio_NO_mayor_255_caracteres -->
  <testcase name="TS11894_CRM_Fase_2_SalesCPQ_Configuracion_DomicilioDeInstalacion_Verificar_longitud_del_campo_Lote_NO_mayor_5_caracteres" time="0.000" classname="Tests.ta_CPQ_Validate">
    <skipped/>
  </testcase> <!-- TS11894_CRM_Fase_2_SalesCPQ_Configuracion_DomicilioDeInstalacion_Verificar_longitud_del_campo_Lote_NO_mayor_5_caracteres -->
  <testcase name="TS11816_CRM_Fase_2_SalesCPQ_Configuracion_DomicilioDeInstalacion_Verificar_campo_EDIFICIO_igual_TIPO_DE_EDIFICIO_y_NUMERO_DE_PISO" time="0.000" classname="Tests.ta_CPQ_Validate">
    <skipped/>
  </testcase> <!-- TS11816_CRM_Fase_2_SalesCPQ_Configuracion_DomicilioDeInstalacion_Verificar_campo_EDIFICIO_igual_TIPO_DE_EDIFICIO_y_NUMERO_DE_PISO -->
  <testcase name="TS11897_CRM_Fase_2_SalesCPQ_Configuracion_DomicilioDeInstalacion_Verificar_longitud_del_campo_Calle_Interna_es_menorigual_25_caracteres" time="0.000" classname="Tests.ta_CPQ_Validate">
    <skipped/>
  </testcase> <!-- TS11897_CRM_Fase_2_SalesCPQ_Configuracion_DomicilioDeInstalacion_Verificar_longitud_del_campo_Calle_Interna_es_menorigual_25_caracteres -->
  <testcase name="TS11849_CRM_Fase_2_SalesCPQ_Configuracion_DomicilioDeInstalacion_Verificar_longitud_del_campo_Descripcion_de_CalleRio_de_atras_es_menorigual_25_caracteres" time="0.000" classname="Tests.ta_CPQ_Validate">
    <skipped/>
  </testcase> <!-- TS11849_CRM_Fase_2_SalesCPQ_Configuracion_DomicilioDeInstalacion_Verificar_longitud_del_campo_Descripcion_de_CalleRio_de_atras_es_menorigual_25_caracteres -->
  <testcase name="TS11813_CRM_Fase_2_SalesCPQ_Configuracion_DomicilioDeInstalacion_Verificar_campos_obligatorios_en_la_carga_de_domicilio" time="0.000" classname="Tests.ta_CPQ_Validate">
    <skipped/>
  </testcase> <!-- TS11813_CRM_Fase_2_SalesCPQ_Configuracion_DomicilioDeInstalacion_Verificar_campos_obligatorios_en_la_carga_de_domicilio -->
  <testcase name="TS11850_CRM_Fase_2_SalesCPQ_Configuracion_DomicilioDeInstalacion_Verificar_longitud_del_campo_Descripcion_de_CalleRio_de_atras_NO_mayor_25_caracteres" time="0.000" classname="Tests.ta_CPQ_Validate">
    <skipped/>
  </testcase> <!-- TS11850_CRM_Fase_2_SalesCPQ_Configuracion_DomicilioDeInstalacion_Verificar_longitud_del_campo_Descripcion_de_CalleRio_de_atras_NO_mayor_25_caracteres -->
  <testcase name="TS11878_CRM_Fase_2_SalesCPQ_Configuracion_DomicilioDeInstalacion_Verificar_longitud_del_campo_EscaleraAla_es_menorigual_2_caracteres" time="0.000" classname="Tests.ta_CPQ_Validate">
    <skipped/>
  </testcase> <!-- TS11878_CRM_Fase_2_SalesCPQ_Configuracion_DomicilioDeInstalacion_Verificar_longitud_del_campo_EscaleraAla_es_menorigual_2_caracteres -->
  <testcase name="TS11900_CRM_Fase_2_SalesCPQ_Configuracion_DomicilioDeInstalacion_Verificar_longitud_del_campo_Altura_Interna_NO_mayor_7_caracteres" time="0.000" classname="Tests.ta_CPQ_Validate">
    <skipped/>
  </testcase> <!-- TS11900_CRM_Fase_2_SalesCPQ_Configuracion_DomicilioDeInstalacion_Verificar_longitud_del_campo_Altura_Interna_NO_mayor_7_caracteres -->
  <testcase name="TS11840_CRM_Fase_2_SalesCPQ_Configuracion_DomicilioDeInstalacion_Verificar_longitud_del_campo_Comentario_de_Domicilio_es_menorigual_255_caracteres" time="0.000" classname="Tests.ta_CPQ_Validate">
    <skipped/>
  </testcase> <!-- TS11840_CRM_Fase_2_SalesCPQ_Configuracion_DomicilioDeInstalacion_Verificar_longitud_del_campo_Comentario_de_Domicilio_es_menorigual_255_caracteres -->
  <testcase name="TS11817_CRM_Fase_2_SalesCPQ_Configuracion_DomicilioDeInstalacion_Verificar_combinatoria_EDIFICIO_BARRIO_PRIVADO" time="0.000" classname="Tests.ta_CPQ_Validate">
    <skipped/>
  </testcase> <!-- TS11817_CRM_Fase_2_SalesCPQ_Configuracion_DomicilioDeInstalacion_Verificar_combinatoria_EDIFICIO_BARRIO_PRIVADO -->
  <testcase name="TS11857_CRM_Fase_2_SalesCPQ_Configuracion_DomicilioDeInstalacion_Verificar_longitud_del_campo_Descripcion_de_Entre_CalleRio_2_es_mayor_25_caracteres" time="0.000" classname="Tests.ta_CPQ_Validate">
    <skipped/>
  </testcase> <!-- TS11857_CRM_Fase_2_SalesCPQ_Configuracion_DomicilioDeInstalacion_Verificar_longitud_del_campo_Descripcion_de_Entre_CalleRio_2_es_mayor_25_caracteres -->
  <testcase name="TS11892_CRM_Fase_2_SalesCPQ_Configuracion_DomicilioDeInstalacion_Verificar_longitud_del_campo_Nombre_del_Establecimiento_NO_mayor_30_caracteres" time="0.000" classname="Tests.ta_CPQ_Validate">
    <skipped/>
  </testcase> <!-- TS11892_CRM_Fase_2_SalesCPQ_Configuracion_DomicilioDeInstalacion_Verificar_longitud_del_campo_Nombre_del_Establecimiento_NO_mayor_30_caracteres -->
  <testcase name="TS11876_CRM_Fase_2_SalesCPQ_Configuracion_DomicilioDeInstalacion_Verificar_longitud_del_campo_Departamento_menorigual_5_caracteres" time="0.000" classname="Tests.ta_CPQ_Validate">
    <skipped/>
  </testcase> <!-- TS11876_CRM_Fase_2_SalesCPQ_Configuracion_DomicilioDeInstalacion_Verificar_longitud_del_campo_Departamento_menorigual_5_caracteres -->
  <testcase name="TS11858_CRM_Fase_2_SalesCPQ_Configuracion_DomicilioDeInstalacion_Verificar_longitud_del_campo_Descripcion_de_Entre_CalleRio_2_NO_mayor_25_caracteres" time="0.000" classname="Tests.ta_CPQ_Validate">
    <skipped/>
  </testcase> <!-- TS11858_CRM_Fase_2_SalesCPQ_Configuracion_DomicilioDeInstalacion_Verificar_longitud_del_campo_Descripcion_de_Entre_CalleRio_2_NO_mayor_25_caracteres -->
  <testcase name="TS11877_CRM_Fase_2_SalesCPQ_Configuracion_DomicilioDeInstalacion_Verificar_longitud_del_campo_Departamento_NO_mayor_5_caracteres" time="0.000" classname="Tests.ta_CPQ_Validate">
    <skipped/>
  </testcase> <!-- TS11877_CRM_Fase_2_SalesCPQ_Configuracion_DomicilioDeInstalacion_Verificar_longitud_del_campo_Departamento_NO_mayor_5_caracteres -->
  <testcase name="TS11853_CRM_Fase_2_SalesCPQ_Configuracion_DomicilioDeInstalacion_Verificar_longitud_del_campo_Descripcion_de_Entre_CalleRio_1_es_menorigual_25_caracteres" time="0.000" classname="Tests.ta_CPQ_Validate">
    <skipped/>
  </testcase> <!-- TS11853_CRM_Fase_2_SalesCPQ_Configuracion_DomicilioDeInstalacion_Verificar_longitud_del_campo_Descripcion_de_Entre_CalleRio_1_es_menorigual_25_caracteres -->
  <testcase name="setup" time="13.869" classname="Tests.ta_CPQ_Validate">
    <error type="org.openqa.selenium.NoSuchElementException" message="no such element: Unable to locate element: {&quot;method&quot;:&quot;css selector&quot;,&quot;selector&quot;:&quot;a[href=&#039;/801c0000000BFkp&#039;]&quot;}
  (Session info: chrome=61.0.3163.100)
  (Driver info: chromedriver=2.30.477700 (0057494ad8732195794a7b32078424f92a5fce41),platform=Windows NT 10.0.15063 x86_64) (WARNING: The server did not provide any stacktrace information)
Command duration or timeout: 23 milliseconds
For documentation on this error, please visit: http://seleniumhq.org/exceptions/no_such_element.html
Build info: version: &#039;unknown&#039;, revision: &#039;unknown&#039;, time: &#039;unknown&#039;
System info: host: &#039;DESKTOP-UOMKS8R&#039;, ip: &#039;192.168.56.1&#039;, os.name: &#039;Windows 10&#039;, os.arch: &#039;x86&#039;, os.version: &#039;10.0&#039;, java.version: &#039;1.8.0_131&#039;
Driver info: org.openqa.selenium.chrome.ChromeDriver
Capabilities [{applicationCacheEnabled=false, rotatable=false, mobileEmulationEnabled=false, networkConnectionEnabled=false, chrome={chromedriverVersion=2.30.477700 (0057494ad8732195794a7b32078424f92a5fce41), userDataDir=C:\Users\SOFIAC~1\AppData\Local\Temp\scoped_dir704_18280}, takesHeapSnapshot=true, pageLoadStrategy=normal, databaseEnabled=false, handlesAlerts=true, hasTouchScreen=false, version=61.0.3163.100, platform=XP, browserConnectionEnabled=false, nativeEvents=true, acceptSslCerts=true, locationContextEnabled=true, webStorageEnabled=true, browserName=chrome, takesScreenshot=true, javascriptEnabled=true, cssSelectorsEnabled=true, unexpectedAlertBehaviour=}]
Session ID: a48107f2920b36c19c4568ffa4e7fc56
*** Element info: {Using=css selector, value=a[href=&#039;/801c0000000BFkp&#039;]}">
      <![CDATA[org.openqa.selenium.NoSuchElementException: no such element: Unable to locate element: {"method":"css selector","selector":"a[href='/801c0000000BFkp']"}
  (Session info: chrome=61.0.3163.100)
  (Driver info: chromedriver=2.30.477700 (0057494ad8732195794a7b32078424f92a5fce41),platform=Windows NT 10.0.15063 x86_64) (WARNING: The server did not provide any stacktrace information)
Command duration or timeout: 23 milliseconds
For documentation on this error, please visit: http://seleniumhq.org/exceptions/no_such_element.html
Build info: version: 'unknown', revision: 'unknown', time: 'unknown'
System info: host: 'DESKTOP-UOMKS8R', ip: '192.168.56.1', os.name: 'Windows 10', os.arch: 'x86', os.version: '10.0', java.version: '1.8.0_131'
Driver info: org.openqa.selenium.chrome.ChromeDriver
Capabilities [{applicationCacheEnabled=false, rotatable=false, mobileEmulationEnabled=false, networkConnectionEnabled=false, chrome={chromedriverVersion=2.30.477700 (0057494ad8732195794a7b32078424f92a5fce41), userDataDir=C:\Users\SOFIAC~1\AppData\Local\Temp\scoped_dir704_18280}, takesHeapSnapshot=true, pageLoadStrategy=normal, databaseEnabled=false, handlesAlerts=true, hasTouchScreen=false, version=61.0.3163.100, platform=XP, browserConnectionEnabled=false, nativeEvents=true, acceptSslCerts=true, locationContextEnabled=true, webStorageEnabled=true, browserName=chrome, takesScreenshot=true, javascriptEnabled=true, cssSelectorsEnabled=true, unexpectedAlertBehaviour=}]
Session ID: a48107f2920b36c19c4568ffa4e7fc56
*** Element info: {Using=css selector, value=a[href='/801c0000000BFkp']}
	at sun.reflect.NativeConstructorAccessorImpl.newInstance0(Native Method)
	at sun.reflect.NativeConstructorAccessorImpl.newInstance(Unknown Source)
	at sun.reflect.DelegatingConstructorAccessorImpl.newInstance(Unknown Source)
	at java.lang.reflect.Constructor.newInstance(Unknown Source)
	at org.openqa.selenium.remote.ErrorHandler.createThrowable(ErrorHandler.java:215)
	at org.openqa.selenium.remote.ErrorHandler.throwIfResponseFailed(ErrorHandler.java:167)
	at org.openqa.selenium.remote.RemoteWebDriver.execute(RemoteWebDriver.java:671)
	at org.openqa.selenium.remote.RemoteWebDriver.findElement(RemoteWebDriver.java:410)
	at org.openqa.selenium.remote.RemoteWebDriver.findElementByCssSelector(RemoteWebDriver.java:501)
	at org.openqa.selenium.By$ByCssSelector.findElement(By.java:430)
	at org.openqa.selenium.remote.RemoteWebDriver.findElement(RemoteWebDriver.java:402)
	at Pages.OrdersTab.goToRecentOrder(OrdersTab.java:27)
	at Tests.ta_CPQ_Validate.setup(ta_CPQ_Validate.java:65)
	at sun.reflect.NativeMethodAccessorImpl.invoke0(Native Method)
	at sun.reflect.NativeMethodAccessorImpl.invoke(Unknown Source)
	at sun.reflect.DelegatingMethodAccessorImpl.invoke(Unknown Source)
	at java.lang.reflect.Method.invoke(Unknown Source)
	at org.testng.internal.MethodInvocationHelper.invokeMethod(MethodInvocationHelper.java:108)
	at org.testng.internal.Invoker.invokeConfigurationMethod(Invoker.java:523)
	at org.testng.internal.Invoker.invokeConfigurations(Invoker.java:224)
	at org.testng.internal.Invoker.invokeMethod(Invoker.java:599)
	at org.testng.internal.Invoker.invokeTestMethod(Invoker.java:869)
	at org.testng.internal.Invoker.invokeTestMethods(Invoker.java:1193)
	at org.testng.internal.TestMethodWorker.invokeTestMethods(TestMethodWorker.java:126)
	at org.testng.internal.TestMethodWorker.run(TestMethodWorker.java:109)
	at org.testng.TestRunner.privateRun(TestRunner.java:744)
	at org.testng.TestRunner.run(TestRunner.java:602)
	at org.testng.SuiteRunner.runTest(SuiteRunner.java:380)
	at org.testng.SuiteRunner.runSequentially(SuiteRunner.java:375)
	at org.testng.SuiteRunner.privateRun(SuiteRunner.java:340)
	at org.testng.SuiteRunner.run(SuiteRunner.java:289)
	at org.testng.SuiteRunnerWorker.runSuite(SuiteRunnerWorker.java:52)
	at org.testng.SuiteRunnerWorker.run(SuiteRunnerWorker.java:86)
	at org.testng.TestNG.runSuitesSequentially(TestNG.java:1301)
	at org.testng.TestNG.runSuitesLocally(TestNG.java:1226)
	at org.testng.TestNG.runSuites(TestNG.java:1144)
	at org.testng.TestNG.run(TestNG.java:1115)
	at org.testng.remote.AbstractRemoteTestNG.run(AbstractRemoteTestNG.java:132)
	at org.testng.remote.RemoteTestNG.initAndRun(RemoteTestNG.java:230)
	at org.testng.remote.RemoteTestNG.main(RemoteTestNG.java:76)
]]>
    </error>
  </testcase> <!-- setup -->
  <testcase name="TS11814_CRM_Fase_2_SalesCPQ_Configuracion_DomicilioDeInstalacion_Verificar_combinatoria_CASABARRIO_PRIVADO" time="0.000" classname="Tests.ta_CPQ_Validate">
    <skipped/>
  </testcase> <!-- TS11814_CRM_Fase_2_SalesCPQ_Configuracion_DomicilioDeInstalacion_Verificar_combinatoria_CASABARRIO_PRIVADO -->
  <testcase name="TS11833_CRM_Fase_2_SalesCPQ_Configuracion_DomicilioDeInstalacion_Verificar_longitud_del_campo_Descripcion_de_Calle_es_menorigual_25_caracteres" time="0.000" classname="Tests.ta_CPQ_Validate">
    <skipped/>
  </testcase> <!-- TS11833_CRM_Fase_2_SalesCPQ_Configuracion_DomicilioDeInstalacion_Verificar_longitud_del_campo_Descripcion_de_Calle_es_menorigual_25_caracteres -->
  <testcase name="TS11838_CRM_Fase_2_SalesCPQ_Configuracion_DomicilioDeInstalacion_Verificar_longitud_del_campo_Codigo_Postal_es_menorigual_4_digitos" time="0.000" classname="Tests.ta_CPQ_Validate">
    <skipped/>
  </testcase> <!-- TS11838_CRM_Fase_2_SalesCPQ_Configuracion_DomicilioDeInstalacion_Verificar_longitud_del_campo_Codigo_Postal_es_menorigual_4_digitos -->
  <testcase name="TS11844_CRM_Fase_2_SalesCPQ_Configuracion_DomicilioDeInstalacion_Verificar_longitud_del_campo_Descripcion_de_Tipo_de_Domicilio_es_menorigual_25_caracteres_y_posibles_valores" time="0.000" classname="Tests.ta_CPQ_Validate">
    <skipped/>
  </testcase> <!-- TS11844_CRM_Fase_2_SalesCPQ_Configuracion_DomicilioDeInstalacion_Verificar_longitud_del_campo_Descripcion_de_Tipo_de_Domicilio_es_menorigual_25_caracteres_y_posibles_valores -->
  <testcase name="TS11899_CRM_Fase_2_SalesCPQ_Configuracion_DomicilioDeInstalacion_Verificar_longitud_del_campo_Altura_Interna_es_menorigual_7_caracteres" time="0.000" classname="Tests.ta_CPQ_Validate">
    <skipped/>
  </testcase> <!-- TS11899_CRM_Fase_2_SalesCPQ_Configuracion_DomicilioDeInstalacion_Verificar_longitud_del_campo_Altura_Interna_es_menorigual_7_caracteres -->
  <testcase name="TS11891_CRM_Fase_2_SalesCPQ_Configuracion_DomicilioDeInstalacion_Verificar_longitud_del_campo_Nombre_del_Establecimiento_es_menorigual_30_caracteres" time="0.000" classname="Tests.ta_CPQ_Validate">
    <skipped/>
  </testcase> <!-- TS11891_CRM_Fase_2_SalesCPQ_Configuracion_DomicilioDeInstalacion_Verificar_longitud_del_campo_Nombre_del_Establecimiento_es_menorigual_30_caracteres -->
  <testcase name="TS11879_CRM_Fase_2_SalesCPQ_Configuracion_DomicilioDeInstalacion_Verificar_longitud_del_campo_EscaleraAla_NO_mayor_5_caracteres" time="0.000" classname="Tests.ta_CPQ_Validate">
    <skipped/>
  </testcase> <!-- TS11879_CRM_Fase_2_SalesCPQ_Configuracion_DomicilioDeInstalacion_Verificar_longitud_del_campo_EscaleraAla_NO_mayor_5_caracteres -->
  <testcase name="TS11837_CRM_Fase_2_SalesCPQ_Configuracion_DomicilioDeInstalacion_Verificar_longitud_del_campo_Altura_NO_mayor_7_caracteres" time="0.000" classname="Tests.ta_CPQ_Validate">
    <skipped/>
  </testcase> <!-- TS11837_CRM_Fase_2_SalesCPQ_Configuracion_DomicilioDeInstalacion_Verificar_longitud_del_campo_Altura_NO_mayor_7_caracteres -->
  <testcase name="TS11893_CRM_Fase_2_SalesCPQ_Configuracion_DomicilioDeInstalacion_Verificar_longitud_del_campo_Lote_es_menorigual_5_caracteres" time="0.000" classname="Tests.ta_CPQ_Validate">
    <skipped/>
  </testcase> <!-- TS11893_CRM_Fase_2_SalesCPQ_Configuracion_DomicilioDeInstalacion_Verificar_longitud_del_campo_Lote_es_menorigual_5_caracteres -->
  <testcase name="TS11898_CRM_Fase_2_SalesCPQ_Configuracion_DomicilioDeInstalacion_Verificar_longitud_del_campo_Calle_Interna_NO_mayor_25_caracteres" time="0.000" classname="Tests.ta_CPQ_Validate">
    <skipped/>
  </testcase> <!-- TS11898_CRM_Fase_2_SalesCPQ_Configuracion_DomicilioDeInstalacion_Verificar_longitud_del_campo_Calle_Interna_NO_mayor_25_caracteres -->
  <testcase name="TS11873_CRM_Fase_2_SalesCPQ_Configuracion_DomicilioDeInstalacion_Verificar_ingreso_de_numeros_negativos_en_el_campo_Numero_de_Piso" time="0.000" classname="Tests.ta_CPQ_Validate">
    <skipped/>
  </testcase> <!-- TS11873_CRM_Fase_2_SalesCPQ_Configuracion_DomicilioDeInstalacion_Verificar_ingreso_de_numeros_negativos_en_el_campo_Numero_de_Piso -->
  <testcase name="TS11896_CRM_Fase_2_SalesCPQ_Configuracion_DomicilioDeInstalacion_Verificar_longitud_del_campo_Manzana_NO_mayor_5_caracteres" time="0.000" classname="Tests.ta_CPQ_Validate">
    <skipped/>
  </testcase> <!-- TS11896_CRM_Fase_2_SalesCPQ_Configuracion_DomicilioDeInstalacion_Verificar_longitud_del_campo_Manzana_NO_mayor_5_caracteres -->
  <testcase name="TS11861_CRM_Fase_2_SalesCPQ_Configuracion_DomicilioDeInstalacion_Verificar_longitud_del_campo_Descripcion_de_Zona_Cerrada_es_menorigual_25_caracteres" time="0.000" classname="Tests.ta_CPQ_Validate">
    <skipped/>
  </testcase> <!-- TS11861_CRM_Fase_2_SalesCPQ_Configuracion_DomicilioDeInstalacion_Verificar_longitud_del_campo_Descripcion_de_Zona_Cerrada_es_menorigual_25_caracteres -->
</testsuite> <!-- Tests.ta_CPQ_Validate -->
